Searching for emails with subject: [G Suite for KPS] 発令
Searching for emails with subject: [G Suite for KPS] 発令
Checking email ID: 19de0d618454d92a (2026-05-01 09:00)
  File already exists: 発令(退職)21436.pdf
Checking email ID: 19d8a94cf816c751 (2026-04-14 15:00)
  File already exists: 発令(異動)21435.pdf
Checking email ID: 19d468f634f57d41 (2026-04-01 10:00)
  Downloading: 発令(退職・定年)21432.pdf...
  Downloading: 発令(嘱託)21433.pdf...
  Downloading: 発令(昇格・新人)21434.pdf...
  Getting announcement body from: 19de0d7f9d086764
  Saved announcement body to: 発令(退職・定年)21432.pdf.txt
  Getting announcement body from: 19de0d7f9d086764
  Saved announcement body to: 発令(嘱託)21433.pdf.txt
  Getting announcement body from: 19de0d7f9d086764
  Saved announcement body to: 発令(昇格・新人)21434.pdf.txt
Searching for emails with subject: [G Suite for KPS] 発令
Checking email ID: 19de0d618454d92a (2026-05-01 09:00)
  Downloading: 発令(退職)21436.pdf...
  Getting announcement body (closest after 2026-05-01 09:00) from: 19de0d7f9d086764
  Saved announcement body to: 発令(退職)21436.pdf.txt
Searching for emails with subject: [G Suite for KPS] 発令
Searching for emails with subject: [G Suite for KPS] 発令
2026-05-12 12:57:59 Checking email ID: 19de0d618454d92a (2026-05-01 09:00)
  File already exists: 発令(退職)21436.pdf
2026-05-12 12:57:59 Checking email ID: 19d8a94cf816c751 (2026-04-14 15:00)
  File already exists: 発令(異動)21435.pdf
2026-05-12 12:58:00 Checking email ID: 19d468f634f57d41 (2026-04-01 10:00)
  File already exists: 発令(退職・定年)21432.pdf
2026-05-12 12:58:00 Checking email ID: 19c1ba71ede109ae (2026-02-02 09:00)
  Downloading: 発令(退職)21431.pdf...
  Getting announcement body (closest after 2026-02-02 09:00) from: 19d8a5eaee049755
  Saved announcement body to: 発令(退職)21431.pdf.txt
2026-05-12 13:00:07 Searching for emails with subject: [G Suite for KPS] 発令
Checking email ID: 19de0d618454d92a (2026-05-01 09:00)
  File already exists: 発令(退職)21436.pdf
Checking email ID: 19d8a94cf816c751 (2026-04-14 15:00)
  File already exists: 発令(異動)21435.pdf
Checking email ID: 19d468f634f57d41 (2026-04-01 10:00)
  File already exists: 発令(退職・定年)21432.pdf
Checking email ID: 19c1ba71ede109ae (2026-02-02 09:00)
  File already exists: 発令(退職)21431.pdf
Checking email ID: 19b8b75293561059 (2026-01-05 09:00)
  Downloading: 発令(退職)21430.pdf...
  Getting announcement body (closest after 2026-01-05 09:00) from: 19d8a5eaee049755
  Saved announcement body to: 発令(退職)21430.pdf.txt
2026-05-12 13:03:01 Searching for emails with subject: [G Suite for KPS] 発令
2026-05-12 14:42:02 Searching for emails with subject: [G Suite for KPS] 発令
2026-05-12 14:42:02 Error running gog gmail: missing --account (or set GOG_ACCOUNT, set default via `gog auth manage`, or store exactly one token)
2026-05-12 14:49:01 Searching for emails with subject: [G Suite for KPS] 発令
2026-05-12 14:49:01 Error running gog gmail search: gmail options: token source: get token for katsusuke.taira@kpscorp.co.jp: read token: no TTY available for keyring file backend password prompt; set GOG_KEYRING_PASSWORD
2026-05-12 15:00:01 Searching for emails with subject: [G Suite for KPS] 発令
Checking email ID: 19de0d618454d92a (2026-05-01 09:00)
  File already exists: 発令(退職)21436.pdf
Checking email ID: 19d8a94cf816c751 (2026-04-14 15:00)
  File already exists: 発令(異動)21435.pdf
Checking email ID: 19d468f634f57d41 (2026-04-01 10:00)
  File already exists: 発令(退職・定年)21432.pdf
Checking email ID: 19c1ba71ede109ae (2026-02-02 09:00)
  File already exists: 発令(退職)21431.pdf
Checking email ID: 19b8b75293561059 (2026-01-05 09:00)
  File already exists: 発令(退職)21430.pdf
Checking email ID: 1999d48dd0f0cd82 (2025-10-01 10:00)
  Downloading: 発令(新人配属)21429.pdf...
  Getting announcement body (closest after 2025-10-01 10:00) from: 19a9068a34834688
  Saved announcement body to: 発令(新人配属)21429.pdf.txt
2026-05-13 12:00:01 Searching for emails with subject: [G Suite for KPS] 発令
Checking email ID: 19de0d618454d92a (2026-05-01 09:00)
  File already exists: 発令(退職)21436.pdf
Checking email ID: 19d8a94cf816c751 (2026-04-14 15:00)
  File already exists: 発令(異動)21435.pdf
Checking email ID: 19d468f634f57d41 (2026-04-01 10:00)
  File already exists: 発令(退職・定年)21432.pdf
Checking email ID: 19c1ba71ede109ae (2026-02-02 09:00)
  File already exists: 発令(退職)21431.pdf
Checking email ID: 19b8b75293561059 (2026-01-05 09:00)
  File already exists: 発令(退職)21430.pdf
Checking email ID: 1999d48dd0f0cd82 (2025-10-01 10:00)
  File already exists: 発令(新人配属)21429.pdf
Checking email ID: 19903012c7188f3f (2025-09-01 11:00)
  Downloading: 発令(嘱託退職)21428.pdf...
  Getting announcement body (closest after 2025-09-01 11:00) from: 19a9068a34834688
  Saved announcement body to: 発令(嘱託退職)21428.pdf.txt
2026-05-13 16:02:02 Searching for emails with subject: [G Suite for KPS] 発令
Checking email ID: 19de0d618454d92a (2026-05-01 09:00)
  File already exists: 発令(退職)21436.pdf
Checking email ID: 19d8a94cf816c751 (2026-04-14 15:00)
  File already exists: 発令(異動)21435.pdf
Checking email ID: 19d468f634f57d41 (2026-04-01 10:00)
  File already exists: 発令(退職・定年)21432.pdf
Checking email ID: 19c1ba71ede109ae (2026-02-02 09:00)
  File already exists: 発令(退職)21431.pdf
Checking email ID: 19b8b75293561059 (2026-01-05 09:00)
  File already exists: 発令(退職)21430.pdf
Checking email ID: 1999d48dd0f0cd82 (2025-10-01 10:00)
  File already exists: 発令(新人配属)21429.pdf
Checking email ID: 19903012c7188f3f (2025-09-01 11:00)
  File already exists: 発令(嘱託退職)21428.pdf
Checking email ID: 198632639a384858 (2025-08-01 10:00)
  Downloading: 発令(退職・定年)21426.pdf...
  Downloading: 発令(嘱託)21427.pdf...
  Getting announcement body (closest after 2025-08-01 10:00) from: 19a9068a34834688
  Saved announcement body to: 発令(退職・定年)21426.pdf.txt
  Getting announcement body (closest after 2025-08-01 10:00) from: 19a9068a34834688
  Saved announcement body to: 発令(嘱託)21427.pdf.txt
2026-05-14 12:00:02 Searching for emails with subject: [G Suite for KPS] 発令
Checking email ID: 19de0d618454d92a (2026-05-01 09:00)
  File already exists: 発令(退職)21436.pdf
Checking email ID: 19d8a94cf816c751 (2026-04-14 15:00)
  File already exists: 発令(異動)21435.pdf
Checking email ID: 19d468f634f57d41 (2026-04-01 10:00)
  File already exists: 発令(退職・定年)21432.pdf
Checking email ID: 19c1ba71ede109ae (2026-02-02 09:00)
  File already exists: 発令(退職)21431.pdf
Checking email ID: 19b8b75293561059 (2026-01-05 09:00)
  File already exists: 発令(退職)21430.pdf
Checking email ID: 1999d48dd0f0cd82 (2025-10-01 10:00)
  File already exists: 発令(新人配属)21429.pdf
Checking email ID: 19903012c7188f3f (2025-09-01 11:00)
  File already exists: 発令(嘱託退職)21428.pdf
Checking email ID: 198632639a384858 (2025-08-01 10:00)
  File already exists: 発令(退職・定年)21426.pdf
Checking email ID: 197c3810e4eeb973 (2025-07-01 10:00)
  Downloading: 発令(退職・定年)21424.pdf...
  Downloading: 発令(嘱託)21425.pdf...
  Getting announcement body (closest after 2025-07-01 10:00) from: 19a9068a34834688
  Saved announcement body to: 発令(退職・定年)21424.pdf.txt
  Getting announcement body (closest after 2025-07-01 10:00) from: 19a9068a34834688
  Saved announcement body to: 発令(嘱託)21425.pdf.txt
2026-05-15 12:00:03 Searching for emails with subject: [G Suite for KPS] 発令
Checking email ID: 19de0d618454d92a (2026-05-01 09:00)
  File already exists: 発令(退職)21436.pdf
Checking email ID: 19d8a94cf816c751 (2026-04-14 15:00)
  File already exists: 発令(異動)21435.pdf
Checking email ID: 19d468f634f57d41 (2026-04-01 10:00)
  File already exists: 発令(退職・定年)21432.pdf
Checking email ID: 19c1ba71ede109ae (2026-02-02 09:00)
  File already exists: 発令(退職)21431.pdf
Checking email ID: 19b8b75293561059 (2026-01-05 09:00)
  File already exists: 発令(退職)21430.pdf
Checking email ID: 1999d48dd0f0cd82 (2025-10-01 10:00)
  File already exists: 発令(新人配属)21429.pdf
Checking email ID: 19903012c7188f3f (2025-09-01 11:00)
  File already exists: 発令(嘱託退職)21428.pdf
Checking email ID: 198632639a384858 (2025-08-01 10:00)
  File already exists: 発令(退職・定年)21426.pdf
Checking email ID: 197c3810e4eeb973 (2025-07-01 10:00)
  File already exists: 発令(退職・定年)21424.pdf
Checking email ID: 1971eb535301c28e (2025-05-30 10:00)
  Downloading: 発令(嘱託退職)21423.pdf...
  Getting announcement body (closest after 2025-05-30 10:00) from: 19a9068a34834688
  Saved announcement body to: 発令(嘱託退職)21423.pdf.txt
2026-05-18 12:00:04 Searching for emails with subject: [G Suite for KPS] 発令
Checking email ID: 19de0d618454d92a (2026-05-01 09:00)
  File already exists: 発令(退職)21436.pdf
Checking email ID: 19d8a94cf816c751 (2026-04-14 15:00)
  File already exists: 発令(異動)21435.pdf
Checking email ID: 19d468f634f57d41 (2026-04-01 10:00)
  File already exists: 発令(退職・定年)21432.pdf
Checking email ID: 19c1ba71ede109ae (2026-02-02 09:00)
  File already exists: 発令(退職)21431.pdf
Checking email ID: 19b8b75293561059 (2026-01-05 09:00)
  File already exists: 発令(退職)21430.pdf
Checking email ID: 1999d48dd0f0cd82 (2025-10-01 10:00)
  File already exists: 発令(新人配属)21429.pdf
Checking email ID: 19903012c7188f3f (2025-09-01 11:00)
  File already exists: 発令(嘱託退職)21428.pdf
Checking email ID: 198632639a384858 (2025-08-01 10:00)
  File already exists: 発令(退職・定年)21426.pdf
Checking email ID: 197c3810e4eeb973 (2025-07-01 10:00)
  File already exists: 発令(退職・定年)21424.pdf
Checking email ID: 1971eb535301c28e (2025-05-30 10:00)
  File already exists: 発令(嘱託退職)21423.pdf
Checking email ID: 196895c06196b29b (2025-05-01 10:00)
  Downloading: 発令(退職)21422.pdf...
  Getting announcement body (closest after 2025-05-01 10:00) from: 196f56c8f560db69
  Saved announcement body to: 発令(退職)21422.pdf.txt
2026-05-19 12:00:04 Searching for emails with subject: [G Suite for KPS] 発令
Checking email ID: 19de0d618454d92a (2026-05-01 09:00)
  File already exists: 発令(退職)21436.pdf
Checking email ID: 19d8a94cf816c751 (2026-04-14 15:00)
  File already exists: 発令(異動)21435.pdf
Checking email ID: 19d468f634f57d41 (2026-04-01 10:00)
  File already exists: 発令(退職・定年)21432.pdf
Checking email ID: 19c1ba71ede109ae (2026-02-02 09:00)
  File already exists: 発令(退職)21431.pdf
Checking email ID: 19b8b75293561059 (2026-01-05 09:00)
  File already exists: 発令(退職)21430.pdf
Checking email ID: 1999d48dd0f0cd82 (2025-10-01 10:00)
  File already exists: 発令(新人配属)21429.pdf
Checking email ID: 19903012c7188f3f (2025-09-01 11:00)
  File already exists: 発令(嘱託退職)21428.pdf
Checking email ID: 198632639a384858 (2025-08-01 10:00)
  File already exists: 発令(退職・定年)21426.pdf
Checking email ID: 197c3810e4eeb973 (2025-07-01 10:00)
  File already exists: 発令(退職・定年)21424.pdf
Checking email ID: 1971eb535301c28e (2025-05-30 10:00)
  File already exists: 発令(嘱託退職)21423.pdf
Checking email ID: 196895c06196b29b (2025-05-01 10:00)
  File already exists: 発令(退職)21422.pdf
Checking email ID: 195eedde8b03e6b1 (2025-04-01 10:00)
  Downloading: 発令(昇格・新人)21421.pdf...
  Getting announcement body (closest after 2025-04-01 10:00) from: 196379bc005840c8
  Saved announcement body to: 発令(昇格・新人)21421.pdf.txt
2026-05-19 14:52:04 Searching for emails with subject: [G Suite for KPS] 発令
2026-05-19 14:52:04 Searching for emails with subject: [G Suite for KPS] 回覧
Checking email ID: 19de0d618454d92a (2026-05-01 09:00)
  File already exists: 発令(退職)21436.pdf
Checking email ID: 19d8a94cf816c751 (2026-04-14 15:00)
  File already exists: 発令(異動)21435.pdf
Checking email ID: 19d468f634f57d41 (2026-04-01 10:00)
  File already exists: 発令(退職・定年)21432.pdf
Checking email ID: 19c1ba71ede109ae (2026-02-02 09:00)
  File already exists: 発令(退職)21431.pdf
Checking email ID: 19b8b75293561059 (2026-01-05 09:00)
  File already exists: 発令(退職)21430.pdf
Checking email ID: 1999d48dd0f0cd82 (2025-10-01 10:00)
  File already exists: 発令(新人配属)21429.pdf
Checking email ID: 19903012c7188f3f (2025-09-01 11:00)
  File already exists: 発令(嘱託退職)21428.pdf
Checking email ID: 198632639a384858 (2025-08-01 10:00)
  File already exists: 発令(退職・定年)21426.pdf
Checking email ID: 197c3810e4eeb973 (2025-07-01 10:00)
  File already exists: 発令(退職・定年)21424.pdf
Checking email ID: 1971eb535301c28e (2025-05-30 10:00)
  File already exists: 発令(嘱託退職)21423.pdf
Checking email ID: 196895c06196b29b (2025-05-01 10:00)
  File already exists: 発令(退職)21422.pdf
Checking email ID: 195eedde8b03e6b1 (2025-04-01 10:00)
  File already exists: 発令(昇格・新人)21421.pdf
Checking email ID: 19517a029dc6f86d (2025-02-18 14:55)
  Downloading: 発令(退職)21420.pdf...
  Getting announcement body (closest after 2025-02-18 14:55) from: 196379bc005840c8
  Saved announcement body to: 発令(退職)21420.pdf.txt
2026-05-19 15:25:03 Searching for emails with subject: [G Suite for KPS] 発令
Checking email ID: 19de0d618454d92a (2026-05-01 09:00)
  File already exists: 発令(退職)21436.pdf
Checking email ID: 19d8a94cf816c751 (2026-04-14 15:00)
  File already exists: 発令(異動)21435.pdf
Checking email ID: 19d468f634f57d41 (2026-04-01 10:00)
  File already exists: 発令(退職・定年)21432.pdf
Checking email ID: 19c1ba71ede109ae (2026-02-02 09:00)
  File already exists: 発令(退職)21431.pdf
Checking email ID: 19b8b75293561059 (2026-01-05 09:00)
  File already exists: 発令(退職)21430.pdf
Checking email ID: 1999d48dd0f0cd82 (2025-10-01 10:00)
  Skipping (not from 2026 or later).
2026-05-19 15:25:03 Searching for emails with subject: [G Suite for KPS] 回覧
Checking email ID: 19e3e644c4d4ca46 (2026-05-19 13:00)
  Downloading: 賞与の支給について2026夏.pdf...
  Getting announcement body (closest after 2026-05-19 13:00) from: 19e3e653bdcb71fe
  Saved announcement body to: 賞与の支給について2026夏.pdf.txt
2026-05-20 12:00:04 Searching for emails with subject: [G Suite for KPS] 発令
Checking email ID: 19de0d618454d92a (2026-05-01 09:00)
  File already exists: 発令(退職)21436.pdf
Checking email ID: 19d8a94cf816c751 (2026-04-14 15:00)
  File already exists: 発令(異動)21435.pdf
Checking email ID: 19d468f634f57d41 (2026-04-01 10:00)
  File already exists: 発令(退職・定年)21432.pdf
Checking email ID: 19c1ba71ede109ae (2026-02-02 09:00)
  File already exists: 発令(退職)21431.pdf
Checking email ID: 19b8b75293561059 (2026-01-05 09:00)
  File already exists: 発令(退職)21430.pdf
Checking email ID: 1999d48dd0f0cd82 (2025-10-01 10:00)
  Skipping (not from 2026 or later).
2026-05-20 12:00:04 Searching for emails with subject: [G Suite for KPS] 回覧
Checking email ID: 19e3e644c4d4ca46 (2026-05-19 13:00)
  File already exists: 賞与の支給について2026夏.pdf
Checking email ID: 19d8a5cb6e79863b (2026-04-14 14:00)
  Downloading: 軽井沢熊渓荘オープンについて-1（R08).pdf...
  Getting announcement body (closest after 2026-04-14 14:00) from: 19d8a5eaee049755
  Saved announcement body to: 軽井沢熊渓荘オープンについて-1（R08).pdf.txt
2026-05-21 12:00:04 Searching for emails with subject: [G Suite for KPS] 発令
Checking email ID: 19de0d618454d92a (2026-05-01 09:00)
  File already exists: 発令(退職)21436.pdf
Checking email ID: 19d8a94cf816c751 (2026-04-14 15:00)
  File already exists: 発令(異動)21435.pdf
Checking email ID: 19d468f634f57d41 (2026-04-01 10:00)
  File already exists: 発令(退職・定年)21432.pdf
Checking email ID: 19c1ba71ede109ae (2026-02-02 09:00)
  File already exists: 発令(退職)21431.pdf
Checking email ID: 19b8b75293561059 (2026-01-05 09:00)
  File already exists: 発令(退職)21430.pdf
Checking email ID: 1999d48dd0f0cd82 (2025-10-01 10:00)
  Skipping (not from 2026 or later).
2026-05-21 12:00:04 Searching for emails with subject: [G Suite for KPS] 回覧
Checking email ID: 19e3e644c4d4ca46 (2026-05-19 13:00)
  File already exists: 賞与の支給について2026夏.pdf
Checking email ID: 19d8a5cb6e79863b (2026-04-14 14:00)
  File already exists: 軽井沢熊渓荘オープンについて-1（R08).pdf
Checking email ID: 19cc03b35251e816 (2026-03-06 08:00)
  Downloading: 期末賞与のお知らせ２０２５年度.pdf...
  Getting announcement body (closest after 2026-03-06 08:00) from: 19d8a5eaee049755
  Saved announcement body to: 期末賞与のお知らせ２０２５年度.pdf.txt
2026-05-22 12:00:04 Searching for emails with subject: [G Suite for KPS] 発令
Checking email ID: 19de0d618454d92a (2026-05-01 09:00)
  File already exists: 発令(退職)21436.pdf
Checking email ID: 19d8a94cf816c751 (2026-04-14 15:00)
  File already exists: 発令(異動)21435.pdf
Checking email ID: 19d468f634f57d41 (2026-04-01 10:00)
  File already exists: 発令(退職・定年)21432.pdf
Checking email ID: 19c1ba71ede109ae (2026-02-02 09:00)
  File already exists: 発令(退職)21431.pdf
Checking email ID: 19b8b75293561059 (2026-01-05 09:00)
  File already exists: 発令(退職)21430.pdf
Checking email ID: 1999d48dd0f0cd82 (2025-10-01 10:00)
  Skipping (not from 2026 or later).
2026-05-22 12:00:04 Searching for emails with subject: [G Suite for KPS] 回覧
Checking email ID: 19e3e644c4d4ca46 (2026-05-19 13:00)
  File already exists: 賞与の支給について2026夏.pdf
Checking email ID: 19d8a5cb6e79863b (2026-04-14 14:00)
  File already exists: 軽井沢熊渓荘オープンについて-1（R08).pdf
Checking email ID: 19cc03b35251e816 (2026-03-06 08:00)
  File already exists: 期末賞与のお知らせ２０２５年度.pdf
Checking email ID: 19c506fe1a92a211 (2026-02-12 15:00)
  Downloading: 創立記念式典のお知らせ（20260212）.pdf...
  Getting announcement body (closest after 2026-02-12 15:00) from: 19d8a5eaee049755
  Saved announcement body to: 創立記念式典のお知らせ（20260212）.pdf.txt
2026-05-25 12:00:04 Searching for emails with subject: [G Suite for KPS] 発令
Checking email ID: 19de0d618454d92a (2026-05-01 09:00)
  File already exists: 発令(退職)21436.pdf
Checking email ID: 19d8a94cf816c751 (2026-04-14 15:00)
  File already exists: 発令(異動)21435.pdf
Checking email ID: 19d468f634f57d41 (2026-04-01 10:00)
  File already exists: 発令(退職・定年)21432.pdf
Checking email ID: 19c1ba71ede109ae (2026-02-02 09:00)
  File already exists: 発令(退職)21431.pdf
Checking email ID: 19b8b75293561059 (2026-01-05 09:00)
  File already exists: 発令(退職)21430.pdf
Checking email ID: 1999d48dd0f0cd82 (2025-10-01 10:00)
  Skipping (not from 2026 or later).
2026-05-25 12:00:04 Searching for emails with subject: [G Suite for KPS] 回覧
Checking email ID: 19e3e644c4d4ca46 (2026-05-19 13:00)
  File already exists: 賞与の支給について2026夏.pdf
Checking email ID: 19d8a5cb6e79863b (2026-04-14 14:00)
  File already exists: 軽井沢熊渓荘オープンについて-1（R08).pdf
Checking email ID: 19cc03b35251e816 (2026-03-06 08:00)
  File already exists: 期末賞与のお知らせ２０２５年度.pdf
Checking email ID: 19c506fe1a92a211 (2026-02-12 15:00)
  File already exists: 創立記念式典のお知らせ（20260212）.pdf
Checking email ID: 19a90673398892b2 (2025-11-17 15:00)
  Skipping (not from 2026 or later).
2026-05-26 12:00:03 Searching for emails with subject: [G Suite for KPS] 発令
Checking email ID: 19de0d618454d92a (2026-05-01 09:00)
  File already exists: 発令(退職)21436.pdf
Checking email ID: 19d8a94cf816c751 (2026-04-14 15:00)
  File already exists: 発令(異動)21435.pdf
Checking email ID: 19d468f634f57d41 (2026-04-01 10:00)
  File already exists: 発令(退職・定年)21432.pdf
Checking email ID: 19c1ba71ede109ae (2026-02-02 09:00)
  File already exists: 発令(退職)21431.pdf
Checking email ID: 19b8b75293561059 (2026-01-05 09:00)
  File already exists: 発令(退職)21430.pdf
Checking email ID: 1999d48dd0f0cd82 (2025-10-01 10:00)
  Skipping (not from 2026 or later).
2026-05-26 12:00:03 Searching for emails with subject: [G Suite for KPS] 回覧
Checking email ID: 19e3e644c4d4ca46 (2026-05-19 13:00)
  File already exists: 賞与の支給について2026夏.pdf
Checking email ID: 19d8a5cb6e79863b (2026-04-14 14:00)
  File already exists: 軽井沢熊渓荘オープンについて-1（R08).pdf
Checking email ID: 19cc03b35251e816 (2026-03-06 08:00)
  File already exists: 期末賞与のお知らせ２０２５年度.pdf
Checking email ID: 19c506fe1a92a211 (2026-02-12 15:00)
  File already exists: 創立記念式典のお知らせ（20260212）.pdf
Checking email ID: 19a90673398892b2 (2025-11-17 15:00)
  Skipping (not from 2026 or later).
2026-05-27 12:00:03 Searching for emails with subject: [G Suite for KPS] 発令
Checking email ID: 19de0d618454d92a (2026-05-01 09:00)
  File already exists: 発令(退職)21436.pdf
Checking email ID: 19d8a94cf816c751 (2026-04-14 15:00)
  File already exists: 発令(異動)21435.pdf
Checking email ID: 19d468f634f57d41 (2026-04-01 10:00)
  File already exists: 発令(退職・定年)21432.pdf
Checking email ID: 19c1ba71ede109ae (2026-02-02 09:00)
  File already exists: 発令(退職)21431.pdf
Checking email ID: 19b8b75293561059 (2026-01-05 09:00)
  File already exists: 発令(退職)21430.pdf
Checking email ID: 1999d48dd0f0cd82 (2025-10-01 10:00)
  Skipping (not from 2026 or later).
2026-05-27 12:00:03 Searching for emails with subject: [G Suite for KPS] 回覧
Checking email ID: 19e3e644c4d4ca46 (2026-05-19 13:00)
  File already exists: 賞与の支給について2026夏.pdf
Checking email ID: 19d8a5cb6e79863b (2026-04-14 14:00)
  File already exists: 軽井沢熊渓荘オープンについて-1（R08).pdf
Checking email ID: 19cc03b35251e816 (2026-03-06 08:00)
  File already exists: 期末賞与のお知らせ２０２５年度.pdf
Checking email ID: 19c506fe1a92a211 (2026-02-12 15:00)
  File already exists: 創立記念式典のお知らせ（20260212）.pdf
Checking email ID: 19a90673398892b2 (2025-11-17 15:00)
  Skipping (not from 2026 or later).
