Skipping blacklisted item ID: 80
本日の新規明細はありません。
Skipping blacklisted item ID: 80
本日の新規明細はありません。
Skipping blacklisted item ID: 80
本日の新規明細はありません。
Skipping blacklisted item ID: 80
本日の新規明細はありません。
Skipping blacklisted item ID: 80
本日の新規明細はありません。
Skipping blacklisted item ID: 80
本日の新規明細はありません。
Skipping blacklisted item ID: 80
本日の新規明細はありません。
Skipping blacklisted item ID: 80
本日の新規明細はありません。
Skipping blacklisted item ID: 80
本日の新規明細はありません。
Skipping blacklisted item ID: 80
本日の新規明細はありません。
Skipping blacklisted item ID: 80
本日の新規明細はありません。
Skipping blacklisted item ID: 80
本日の新規明細はありません。
Skipping blacklisted item ID: 80
本日の新規明細はありません。
Skipping blacklisted item ID: 80
本日の新規明細はありません。
Skipping blacklisted item ID: 80
本日の新規明細はありません。
2026-04-21 15:00:22 今回、新規明細はありません。
Skipping blacklisted item ID: 80
本日の新規明細はありません。
Traceback (most recent call last):
  File "/home/taira/tools/auto_expense_checker_v3.py", line 331, in <module>
    main_trip()
    ^^^^^^^^^
NameError: name 'main_trip' is not defined
2026-04-22 15:45:21 完了: キャッシュを更新しました。
2026-04-22 16:00:05 今回、新規明細はありません。
2026-04-22 16:15:05 今回、新規明細はありません。
2026-04-22 16:30:05 今回、新規明細はありません。
2026-04-22 16:45:05 今回、新規明細はありません。
2026-04-22 17:00:06 今回、新規明細はありません。
2026-04-22 17:15:05 今回、新規明細はありません。
2026-04-22 17:30:06 今回、新規明細はありません。
2026-04-22 17:45:05 今回、新規明細はありません。
2026-04-22 18:00:05 今回、新規明細はありません。
2026-04-22 18:15:06 今回、新規明細はありません。
2026-04-22 18:30:05 今回、新規明細はありません。
2026-04-22 18:45:06 今回、新規明細はありません。
2026-04-23 09:00:08 今回、新規明細はありません。
2026-04-23 09:15:06 今回、新規明細はありません。
2026-04-23 09:30:06 今回、新規明細はありません。
2026-04-23 09:45:06 今回、新規明細はありません。
2026-04-23 10:00:06 今回、新規明細はありません。
2026-04-23 10:15:06 今回、新規明細はありません。
2026-04-23 10:30:07 今回、新規明細はありません。
2026-04-23 10:45:05 今回、新規明細はありません。
2026-04-23 11:00:05 今回、新規明細はありません。
2026-04-23 11:15:06 今回、新規明細はありません。
2026-04-23 11:30:05 今回、新規明細はありません。
2026-04-23 11:45:05 今回、新規明細はありません。
2026-04-23 12:00:05 今回、新規明細はありません。
2026-04-23 12:15:04 今回、新規明細はありません。
2026-04-23 12:30:05 今回、新規明細はありません。
2026-04-23 12:45:05 今回、新規明細はありません。
2026-04-23 13:00:05 今回、新規明細はありません。
2026-04-23 13:15:05 今回、新規明細はありません。
2026-04-23 13:30:05 今回、新規明細はありません。
2026-04-23 13:45:05 今回、新規明細はありません。
2026-04-23 14:00:05 今回、新規明細はありません。
2026-04-23 14:15:05 今回、新規明細はありません。
2026-04-23 14:30:06 今回、新規明細はありません。
2026-04-23 14:45:06 今回、新規明細はありません。
2026-04-23 15:00:05 今回、新規明細はありません。
2026-04-23 15:15:05 今回、新規明細はありません。
2026-04-23 15:30:05 今回、新規明細はありません。
2026-04-23 15:45:05 今回、新規明細はありません。
2026-04-23 16:00:05 今回、新規明細はありません。
2026-04-23 16:15:05 今回、新規明細はありません。
2026-04-23 16:30:05 今回、新規明細はありません。
2026-04-23 16:45:06 今回、新規明細はありません。
2026-04-23 17:00:05 今回、新規明細はありません。
2026-04-23 17:15:05 今回、新規明細はありません。
2026-04-23 17:30:05 今回、新規明細はありません。
2026-04-23 17:45:05 今回、新規明細はありません。
2026-04-23 18:00:05 今回、新規明細はありません。
2026-04-23 18:15:05 今回、新規明細はありません。
2026-04-23 18:30:05 今回、新規明細はありません。
2026-04-23 18:45:05 今回、新規明細はありません。
2026-04-24 09:00:10 今回、新規明細はありません。
2026-04-24 09:15:06 今回、新規明細はありません。
2026-04-24 09:30:06 今回、新規明細はありません。
2026-04-24 09:45:05 今回、新規明細はありません。
2026-04-24 10:00:05 今回、新規明細はありません。
2026-04-24 10:15:05 今回、新規明細はありません。
2026-04-24 10:30:06 今回、新規明細はありません。
2026-04-24 10:45:05 今回、新規明細はありません。
2026-04-24 11:00:06 今回、新規明細はありません。
2026-04-24 11:15:05 今回、新規明細はありません。
2026-04-24 11:30:05 今回、新規明細はありません。
2026-04-24 11:45:05 今回、新規明細はありません。
2026-04-24 12:00:05 今回、新規明細はありません。
2026-04-24 12:15:05 今回、新規明細はありません。
2026-04-24 12:30:05 今回、新規明細はありません。
2026-04-24 12:45:05 今回、新規明細はありません。
2026-04-24 13:00:05 今回、新規明細はありません。
2026-04-24 13:15:05 今回、新規明細はありません。
2026-04-24 13:30:05 今回、新規明細はありません。
2026-04-24 13:45:04 今回、新規明細はありません。
2026-04-24 14:00:05 今回、新規明細はありません。
2026-04-24 14:15:05 今回、新規明細はありません。
2026-04-24 14:30:05 今回、新規明細はありません。
2026-04-24 14:45:05 今回、新規明細はありません。
2026-04-24 15:00:05 今回、新規明細はありません。
2026-04-24 15:15:07 今回、新規明細はありません。
2026-04-24 15:30:05 今回、新規明細はありません。
Traceback (most recent call last):
  File "/home/taira/tools/auto_expense_checker_v3.py", line 298, in <module>
    main()
  File "/home/taira/tools/auto_expense_checker_v3.py", line 182, in main
    with open(HISTORY_FILE, "r") as f: processed_ids = json.load(f)
                                                       ^^^^^^^^^^^^
  File "/usr/lib/python3.12/json/__init__.py", line 293, in load
    return loads(fp.read(),
           ^^^^^^^^^^^^^^^^
  File "/usr/lib/python3.12/json/__init__.py", line 346, in loads
    return _default_decoder.decode(s)
           ^^^^^^^^^^^^^^^^^^^^^^^^^^
  File "/usr/lib/python3.12/json/decoder.py", line 337, in decode
    obj, end = self.raw_decode(s, idx=_w(s, 0).end())
               ^^^^^^^^^^^^^^^^^^^^^^^^^^^^^^^^^^^^^^
  File "/usr/lib/python3.12/json/decoder.py", line 355, in raw_decode
    raise JSONDecodeError("Expecting value", s, err.value) from None
json.decoder.JSONDecodeError: Expecting value: line 1 column 1 (char 0)
Traceback (most recent call last):
  File "/home/taira/tools/auto_expense_checker_v3.py", line 298, in <module>
    main()
  File "/home/taira/tools/auto_expense_checker_v3.py", line 182, in main
    with open(HISTORY_FILE, "r") as f: processed_ids = json.load(f)
                                                       ^^^^^^^^^^^^
  File "/usr/lib/python3.12/json/__init__.py", line 293, in load
    return loads(fp.read(),
           ^^^^^^^^^^^^^^^^
  File "/usr/lib/python3.12/json/__init__.py", line 346, in loads
    return _default_decoder.decode(s)
           ^^^^^^^^^^^^^^^^^^^^^^^^^^
  File "/usr/lib/python3.12/json/decoder.py", line 337, in decode
    obj, end = self.raw_decode(s, idx=_w(s, 0).end())
               ^^^^^^^^^^^^^^^^^^^^^^^^^^^^^^^^^^^^^^
  File "/usr/lib/python3.12/json/decoder.py", line 355, in raw_decode
    raise JSONDecodeError("Expecting value", s, err.value) from None
json.decoder.JSONDecodeError: Expecting value: line 1 column 1 (char 0)
Traceback (most recent call last):
  File "/home/taira/tools/auto_expense_checker_v3.py", line 298, in <module>
    main()
  File "/home/taira/tools/auto_expense_checker_v3.py", line 182, in main
    with open(HISTORY_FILE, "r") as f: processed_ids = json.load(f)
                                                       ^^^^^^^^^^^^
  File "/usr/lib/python3.12/json/__init__.py", line 293, in load
    return loads(fp.read(),
           ^^^^^^^^^^^^^^^^
  File "/usr/lib/python3.12/json/__init__.py", line 346, in loads
    return _default_decoder.decode(s)
           ^^^^^^^^^^^^^^^^^^^^^^^^^^
  File "/usr/lib/python3.12/json/decoder.py", line 337, in decode
    obj, end = self.raw_decode(s, idx=_w(s, 0).end())
               ^^^^^^^^^^^^^^^^^^^^^^^^^^^^^^^^^^^^^^
  File "/usr/lib/python3.12/json/decoder.py", line 355, in raw_decode
    raise JSONDecodeError("Expecting value", s, err.value) from None
json.decoder.JSONDecodeError: Expecting value: line 1 column 1 (char 0)
2026-04-24 16:30:06 今回、新規明細はありません。
/bin/sh: 1: /home/taira/mypy/bin/python5: not found
経費申請を処理中...
2026-04-24 17:00:05 今回、新規明細はありません。
出張届及精算承認書を処理中...
AI調査中 (Trip): 2024-07-22 東所沢-南船橋...
POST送信中: trip_20861_0 1221-> Pending
AI調査中 (Trip): 2024-04-17 桜台-東京...
POST送信中: trip_20644_0 397-> 妥当
AI調査中 (Trip): 2024-04-17 東京-静岡...
POST送信中: trip_20644_1 6070-> 一致
AI調査中 (Trip): 2024-04-17 静岡-草薙...
POST送信中: trip_20644_2 190-> 一致
AI調査中 (Trip): 2024-04-17 草薙-静岡...
POST送信中: trip_20644_3 190-> 一致
AI調査中 (Trip): 2024-04-17 静岡-品川...
POST送信中: trip_20644_4 5940-> Pending
AI調査中 (Trip): 2024-04-17 品川-新江古田...
AI判定中にエラーが発生しました (品川-新江古田): 503 UNAVAILABLE. {'error': {'code': 503, 'message': 'This model is currently experiencing high demand. Spikes in demand are usually temporary. Please try again later.', 'status': 'UNAVAILABLE'}}
AI判定に失敗: trip_20644_5
AI調査中 (Trip): 2024-05-16 桜台-東京...
POST送信中: trip_20695_0 416-> Pending
AI調査中 (Trip): 2024-05-16 東京-静岡...
POST送信中: trip_20695_1 6270-> 一致
AI調査中 (Trip): 2024-05-16 静岡-草薙...
POST送信中: trip_20695_2 190-> Pending
AI調査中 (Trip): 2024-05-30 桜台-東京...
POST送信中: trip_20696_0 416-> Pending
AI調査中 (Trip): 2024-05-30 東京-静岡...
POST送信中: trip_20696_1 12540-> 一致
AI調査中 (Trip): 2024-05-30 静岡-草薙...
POST送信中: trip_20696_2 380-> 一致
AI調査中 (Trip): 2023-12-04 日の森-戸塚...
POST送信中: trip_20365_0 250-> 一致
POSTでエラー発生 trip_20365_0: 支払先名 : 支払先名の入力が必要です!
AI調査中 (Trip): 2023-12-04 戸塚駅-大甕...
POST送信中: trip_20365_1 4990-> Pending
POSTでエラー発生 trip_20365_1: 支払先名 : 支払先名の入力が必要です!
AI調査中 (Trip): 2023-12-08 戸塚駅-大甕...
POST送信中: trip_20365_11 4890-> 一致
POSTでエラー発生 trip_20365_11: 支払先名 : 支払先名の入力が必要です!
AI調査中 (Trip): 2023-12-08 戸塚-日の森...
POST送信中: trip_20365_12 250-> 一致
POSTでエラー発生 trip_20365_12: 支払先名 : 支払先名の入力が必要です!
AI調査中 (Trip): 2024-07-30 桜台-草薙...
POST送信中: trip_20880_0 6337-> Pending
AI調査中 (Trip): 2024-06-20 新江古田-草薙...
POST送信中: trip_20773_0 6160-> Pending
AI調査中 (Trip): 2024-07-04 桜台-草薙...
AI判定中にエラーが発生しました (桜台-草薙): 503 UNAVAILABLE. {'error': {'code': 503, 'message': 'This model is currently experiencing high demand. Spikes in demand are usually temporary. Please try again later.', 'status': 'UNAVAILABLE'}}
AI判定に失敗: trip_20879_0
AI調査中 (Trip): 2025-02-25 真光寺公園-鶴川...
POST送信中: trip_21496_0 240-> Pending
AI調査中 (Trip): 2025-02-25 鶴川-町田...
POST送信中: trip_21496_1 167-> 妥当
AI調査中 (Trip): 2025-02-25 町田-広島...
POST送信中: trip_21496_2 18380-> 一致
AI調査中 (Trip): 2025-03-07 広島-町田...
POST送信中: trip_21496_4 18380-> 一致
AI調査中 (Trip): 2025-01-13 真光寺公園-鶴川...
POST送信中: trip_21278_0 240-> 一致
AI調査中 (Trip): 2025-01-13 鶴川-町田...
POST送信中: trip_21278_1 167-> Pending
AI調査中 (Trip): 2025-01-13 町田-広島...
POST送信中: trip_21278_2 18380-> 一致
AI調査中 (Trip): 2025-01-15 広島-鶴川...
POST送信中: trip_21278_3 18537-> 妥当
AI調査中 (Trip): 2024-11-21 東京-広島...
AI判定中にエラーが発生しました (東京-広島): 503 UNAVAILABLE. {'error': {'code': 503, 'message': 'This model is currently experiencing high demand. Spikes in demand are usually temporary. Please try again later.', 'status': 'UNAVAILABLE'}}
AI判定に失敗: trip_21114_0
AI調査中 (Trip): 2024-11-23 広島-新横浜...
AI判定中にエラーが発生しました (広島-新横浜): 503 UNAVAILABLE. {'error': {'code': 503, 'message': 'This model is currently experiencing high demand. Spikes in demand are usually temporary. Please try again later.', 'status': 'UNAVAILABLE'}}
AI判定に失敗: trip_21114_2
AI調査中 (Trip): 2024-11-23 鶴川駅-真光寺公園...
POST送信中: trip_21114_3 240-> 一致
AI調査中 (Trip): 2024-11-21 虎ノ門ヒルズ-東京...
POST送信中: trip_21114_4 178-> 妥当
AI調査中 (Trip): 2024-11-23 新横浜-鶴川...
POST送信中: trip_21114_5 490-> 一致
AI調査中 (Trip): 2024-08-07 町田-広島...
POST送信中: trip_20829_0 18380-> 一致
AI調査中 (Trip): 2024-08-08 広島-町田...
POST送信中: trip_20829_1 20190-> Pending
AI調査中 (Trip): 2024-08-07 鶴川-町田...
POST送信中: trip_20829_3 167-> 妥当
2026-04-24 17:11:16 完了: 32 件の出張明細を更新しました。
経費申請を処理中...
2026-04-24 17:15:04 今回、新規明細はありません。
出張届及精算承認書を処理中...
AI調査中 (Trip): 2024-08-08 広島-町田...
POST送信中: trip_20829_1 19960-> 一致
AI調査中 (Trip): 2024-11-21 東京-広島...
POST送信中: trip_21114_0 18380-> 一致
AI調査中 (Trip): 2024-11-23 広島-新横浜...
POST送信中: trip_21114_2 18050-> 一致
AI調査中 (Trip): 2025-01-13 鶴川-町田...
POST送信中: trip_21278_1 167-> 妥当
AI調査中 (Trip): 2025-02-25 真光寺公園-鶴川...
POST送信中: trip_21496_0 240-> 要確認
AI調査中 (Trip): 2024-06-20 新江古田-草薙...
POST送信中: trip_20773_0 6660-> 要確認
AI調査中 (Trip): 2024-07-30 桜台-草薙...
POST送信中: trip_20880_0 13720-> 一致
AI調査中 (Trip): 2024-05-30 桜台-東京...
POST送信中: trip_20696_0 416-> 要確認
AI調査中 (Trip): 2024-05-16 桜台-東京...
POST送信中: trip_20695_0 416-> 要確認
AI調査中 (Trip): 2024-05-16 静岡-草薙...
POST送信中: trip_20695_2 190-> 要確認
AI調査中 (Trip): 2024-04-17 静岡-品川...
POST送信中: trip_20644_4 6070-> 一致
AI調査中 (Trip): 2024-04-17 品川-新江古田...
POST送信中: trip_20644_5 395-> 妥当
AI調査中 (Trip): 2024-07-22 東所沢-南船橋...
AI判定中にエラーが発生しました (東所沢-南船橋): 503 UNAVAILABLE. {'error': {'code': 503, 'message': 'This model is currently experiencing high demand. Spikes in demand are usually temporary. Please try again later.', 'status': 'UNAVAILABLE'}}
AI判定に失敗: trip_20861_0
AI調査中 (Trip): 2024-07-04 桜台-草薙...
AI判定中にエラーが発生しました (桜台-草薙): 503 UNAVAILABLE. {'error': {'code': 503, 'message': 'This model is currently experiencing high demand. Spikes in demand are usually temporary. Please try again later.', 'status': 'UNAVAILABLE'}}
AI判定に失敗: trip_20879_0
2026-04-24 17:19:13 完了: 12 件の出張明細を更新しました。
経費申請を処理中...
2026-04-24 17:30:05 今回、新規明細はありません。
出張届及精算承認書を処理中...
AI調査中 (Trip): 2024-07-22 東所沢-南船橋...
POST送信中: trip_20861_0 1221-> 要確認
AI調査中 (Trip): 2024-07-04 桜台-草薙...
POST送信中: trip_20879_0 6977-> Pending
2026-04-24 17:30:41 完了: 2 件の出張明細を更新しました。
経費申請を処理中...
2026-04-24 17:45:05 今回、新規明細はありません。
出張届及精算承認書を処理中...
AI調査中 (Trip): 2024-07-04 桜台-草薙...
POST送信中: trip_20879_0 6337-> 要確認
2026-04-24 17:46:59 完了: 1 件の出張明細を更新しました。
経費申請を処理中...
2026-04-24 18:00:06 今回、新規明細はありません。
出張届及精算承認書を処理中...
2026-04-24 18:00:08 完了: 出張キャッシュを更新しました。
経費申請を処理中...
2026-04-24 18:15:05 今回、新規明細はありません。
出張届及精算承認書を処理中...
2026-04-24 18:15:06 今回、新規出張明細はありません。
経費申請を処理中...
2026-04-24 18:30:05 今回、新規明細はありません。
出張届及精算承認書を処理中...
2026-04-24 18:30:07 今回、新規出張明細はありません。
経費申請を処理中...
2026-04-24 18:45:05 今回、新規明細はありません。
出張届及精算承認書を処理中...
2026-04-24 18:45:06 今回、新規出張明細はありません。
経費申請を処理中...
2026-04-27 09:00:09 今回、新規明細はありません。
出張届及精算承認書を処理中...
2026-04-27 09:00:12 今回、新規出張明細はありません。
経費申請を処理中...
2026-04-27 09:15:06 今回、新規明細はありません。
出張届及精算承認書を処理中...
2026-04-27 09:15:08 今回、新規出張明細はありません。
経費申請を処理中...
2026-04-27 09:30:06 今回、新規明細はありません。
出張届及精算承認書を処理中...
2026-04-27 09:30:08 今回、新規出張明細はありません。
経費申請を処理中...
2026-04-27 09:45:06 今回、新規明細はありません。
出張届及精算承認書を処理中...
2026-04-27 09:45:08 今回、新規出張明細はありません。
経費申請を処理中...
2026-04-27 10:00:06 今回、新規明細はありません。
出張届及精算承認書を処理中...
2026-04-27 10:00:09 今回、新規出張明細はありません。
経費申請を処理中...
2026-04-27 10:15:05 今回、新規明細はありません。
出張届及精算承認書を処理中...
2026-04-27 10:15:06 今回、新規出張明細はありません。
経費申請を処理中...
2026-04-27 10:30:08 今回、新規明細はありません。
出張届及精算承認書を処理中...
2026-04-27 10:30:09 今回、新規出張明細はありません。
経費申請を処理中...
2026-04-27 10:45:05 今回、新規明細はありません。
出張届及精算承認書を処理中...
2026-04-27 10:45:07 今回、新規出張明細はありません。
経費申請を処理中...
2026-04-27 11:00:05 今回、新規明細はありません。
出張届及精算承認書を処理中...
2026-04-27 11:00:07 今回、新規出張明細はありません。
経費申請を処理中...
2026-04-27 11:15:06 今回、新規明細はありません。
出張届及精算承認書を処理中...
2026-04-27 11:15:07 今回、新規出張明細はありません。
経費申請を処理中...
2026-04-27 11:30:06 今回、新規明細はありません。
出張届及精算承認書を処理中...
2026-04-27 11:30:08 今回、新規出張明細はありません。
経費申請を処理中...
2026-04-27 11:45:05 今回、新規明細はありません。
出張届及精算承認書を処理中...
2026-04-27 11:45:07 今回、新規出張明細はありません。
経費申請を処理中...
2026-04-27 12:00:06 今回、新規明細はありません。
出張届及精算承認書を処理中...
2026-04-27 12:00:07 今回、新規出張明細はありません。
経費申請を処理中...
2026-04-27 12:15:05 今回、新規明細はありません。
出張届及精算承認書を処理中...
2026-04-27 12:15:07 今回、新規出張明細はありません。
経費申請を処理中...
2026-04-27 12:30:05 今回、新規明細はありません。
出張届及精算承認書を処理中...
2026-04-27 12:30:07 今回、新規出張明細はありません。
経費申請を処理中...
2026-04-27 12:45:06 今回、新規明細はありません。
出張届及精算承認書を処理中...
2026-04-27 12:45:07 今回、新規出張明細はありません。
経費申請を処理中...
2026-04-27 13:00:06 今回、新規明細はありません。
出張届及精算承認書を処理中...
2026-04-27 13:00:07 今回、新規出張明細はありません。
経費申請を処理中...
2026-04-27 13:15:06 今回、新規明細はありません。
出張届及精算承認書を処理中...
2026-04-27 13:15:07 今回、新規出張明細はありません。
経費申請を処理中...
2026-04-27 13:30:05 今回、新規明細はありません。
出張届及精算承認書を処理中...
2026-04-27 13:30:06 今回、新規出張明細はありません。
経費申請を処理中...
2026-04-27 13:45:06 今回、新規明細はありません。
出張届及精算承認書を処理中...
2026-04-27 13:45:07 今回、新規出張明細はありません。
経費申請を処理中...
2026-04-27 14:00:06 今回、新規明細はありません。
出張届及精算承認書を処理中...
2026-04-27 14:00:07 今回、新規出張明細はありません。
経費申請を処理中...
2026-04-27 14:15:06 今回、新規明細はありません。
出張届及精算承認書を処理中...
2026-04-27 14:15:07 今回、新規出張明細はありません。
経費申請を処理中...
2026-04-27 14:30:07 今回、新規明細はありません。
出張届及精算承認書を処理中...
2026-04-27 14:30:08 今回、新規出張明細はありません。
経費申請を処理中...
2026-04-27 14:45:05 今回、新規明細はありません。
出張届及精算承認書を処理中...
2026-04-27 14:45:06 今回、新規出張明細はありません。
経費申請を処理中...
2026-04-27 15:00:06 今回、新規明細はありません。
出張届及精算承認書を処理中...
2026-04-27 15:00:07 今回、新規出張明細はありません。
経費申請を処理中...
2026-04-27 15:15:05 今回、新規明細はありません。
出張届及精算承認書を処理中...
2026-04-27 15:15:06 今回、新規出張明細はありません。
経費申請を処理中...
2026-04-27 15:30:07 今回、新規明細はありません。
出張届及精算承認書を処理中...
2026-04-27 15:30:09 今回、新規出張明細はありません。
経費申請を処理中...
2026-04-27 15:45:06 今回、新規明細はありません。
出張届及精算承認書を処理中...
2026-04-27 15:45:07 今回、新規出張明細はありません。
経費申請を処理中...
2026-04-27 16:00:06 今回、新規明細はありません。
出張届及精算承認書を処理中...
2026-04-27 16:00:08 今回、新規出張明細はありません。
経費申請を処理中...
2026-04-27 16:15:07 今回、新規明細はありません。
出張届及精算承認書を処理中...
2026-04-27 16:15:08 今回、新規出張明細はありません。
経費申請を処理中...
2026-04-27 16:30:05 今回、新規明細はありません。
出張届及精算承認書を処理中...
2026-04-27 16:30:06 今回、新規出張明細はありません。
経費申請を処理中...
2026-04-27 16:45:05 今回、新規明細はありません。
出張届及精算承認書を処理中...
2026-04-27 16:45:06 今回、新規出張明細はありません。
経費申請を処理中...
2026-04-27 17:00:05 今回、新規明細はありません。
出張届及精算承認書を処理中...
2026-04-27 17:00:06 今回、新規出張明細はありません。
経費申請を処理中...
2026-04-27 17:15:05 今回、新規明細はありません。
出張届及精算承認書を処理中...
2026-04-27 17:15:07 今回、新規出張明細はありません。
経費申請を処理中...
2026-04-27 17:30:05 今回、新規明細はありません。
出張届及精算承認書を処理中...
2026-04-27 17:30:07 今回、新規出張明細はありません。
経費申請を処理中...
2026-04-27 17:45:05 今回、新規明細はありません。
出張届及精算承認書を処理中...
2026-04-27 17:45:07 今回、新規出張明細はありません。
経費申請を処理中...
2026-04-27 18:00:07 今回、新規明細はありません。
出張届及精算承認書を処理中...
2026-04-27 18:00:09 今回、新規出張明細はありません。
経費申請を処理中...
2026-04-27 18:15:06 今回、新規明細はありません。
出張届及精算承認書を処理中...
2026-04-27 18:15:08 今回、新規出張明細はありません。
経費申請を処理中...
2026-04-27 18:30:07 今回、新規明細はありません。
出張届及精算承認書を処理中...
2026-04-27 18:30:08 今回、新規出張明細はありません。
経費申請を処理中...
2026-04-27 18:45:06 今回、新規明細はありません。
出張届及精算承認書を処理中...
2026-04-27 18:45:07 今回、新規出張明細はありません。
経費申請を処理中...
2026-04-28 09:00:08 今回、新規明細はありません。
出張届及精算承認書を処理中...
2026-04-28 09:00:10 今回、新規出張明細はありません。
経費申請を処理中...
2026-04-28 09:15:06 今回、新規明細はありません。
出張届及精算承認書を処理中...
2026-04-28 09:15:08 今回、新規出張明細はありません。
経費申請を処理中...
2026-04-28 09:30:06 今回、新規明細はありません。
出張届及精算承認書を処理中...
2026-04-28 09:30:08 今回、新規出張明細はありません。
経費申請を処理中...
AI調査中: 2026/04/27 相武台前-新橋...
POST送信中: 4820 638-> 一致
2026-04-28 09:45:11 完了: 1 件の明細を更新しました。
出張届及精算承認書を処理中...
2026-04-28 09:45:12 今回、新規出張明細はありません。
経費申請を処理中...
2026-04-28 10:00:05 今回、新規明細はありません。
出張届及精算承認書を処理中...
2026-04-28 10:00:07 今回、新規出張明細はありません。
経費申請を処理中...
2026-04-28 10:15:05 今回、新規明細はありません。
出張届及精算承認書を処理中...
2026-04-28 10:15:07 今回、新規出張明細はありません。
経費申請を処理中...
2026-04-28 10:30:05 今回、新規明細はありません。
出張届及精算承認書を処理中...
2026-04-28 10:30:06 今回、新規出張明細はありません。
経費申請を処理中...
2026-04-28 10:45:05 今回、新規明細はありません。
出張届及精算承認書を処理中...
2026-04-28 10:45:06 今回、新規出張明細はありません。
経費申請を処理中...
2026-04-28 11:00:05 今回、新規明細はありません。
出張届及精算承認書を処理中...
2026-04-28 11:00:07 今回、新規出張明細はありません。
経費申請を処理中...
2026-04-28 11:15:04 今回、新規明細はありません。
出張届及精算承認書を処理中...
AI調査中 (Trip): 2026-04-27 秋葉原-東所沢...
POST送信中: trip_24276_0 780-> Pending
2026-04-28 11:15:13 完了: 1 件の出張明細を更新しました。
経費申請を処理中...
2026-04-28 11:30:07 完了: キャッシュを更新しました。
出張届及精算承認書を処理中...
AI調査中 (Trip): 2026-04-27 秋葉原-東所沢...
POST送信中: trip_24276_0 720-> 一致
2026-04-28 11:30:21 完了: 1 件の出張明細を更新しました。
経費申請を処理中...
2026-04-28 11:45:05 今回、新規明細はありません。
出張届及精算承認書を処理中...
2026-04-28 11:45:07 完了: 出張キャッシュを更新しました。
経費申請を処理中...
2026-04-28 12:00:05 今回、新規明細はありません。
出張届及精算承認書を処理中...
2026-04-28 12:00:07 今回、新規出張明細はありません。
経費申請を処理中...
2026-04-28 12:15:05 今回、新規明細はありません。
出張届及精算承認書を処理中...
2026-04-28 12:15:06 今回、新規出張明細はありません。
経費申請を処理中...
2026-04-28 12:30:05 今回、新規明細はありません。
出張届及精算承認書を処理中...
2026-04-28 12:30:07 今回、新規出張明細はありません。
経費申請を処理中...
2026-04-28 12:45:05 今回、新規明細はありません。
出張届及精算承認書を処理中...
2026-04-28 12:45:07 完了: 出張キャッシュを更新しました。
経費申請を処理中...
2026-04-28 13:00:05 今回、新規明細はありません。
出張届及精算承認書を処理中...
2026-04-28 13:00:06 今回、新規出張明細はありません。
経費申請を処理中...
2026-04-28 13:15:05 今回、新規明細はありません。
出張届及精算承認書を処理中...
2026-04-28 13:15:06 今回、新規出張明細はありません。
経費申請を処理中...
2026-04-28 13:30:04 今回、新規明細はありません。
出張届及精算承認書を処理中...
2026-04-28 13:30:06 今回、新規出張明細はありません。
経費申請を処理中...
2026-04-28 13:45:05 今回、新規明細はありません。
出張届及精算承認書を処理中...
2026-04-28 13:45:06 今回、新規出張明細はありません。
経費申請を処理中...
2026-04-28 14:00:05 今回、新規明細はありません。
出張届及精算承認書を処理中...
2026-04-28 14:00:07 完了: 出張キャッシュを更新しました。
経費申請を処理中...
2026-04-28 14:15:06 今回、新規明細はありません。
出張届及精算承認書を処理中...
2026-04-28 14:15:08 完了: 出張キャッシュを更新しました。
経費申請を処理中...
2026-04-28 14:30:05 今回、新規明細はありません。
出張届及精算承認書を処理中...
2026-04-28 14:30:07 今回、新規出張明細はありません。
経費申請を処理中...
2026-04-28 14:45:05 今回、新規明細はありません。
出張届及精算承認書を処理中...
2026-04-28 14:45:06 今回、新規出張明細はありません。
経費申請を処理中...
2026-04-28 15:00:05 今回、新規明細はありません。
出張届及精算承認書を処理中...
2026-04-28 15:00:06 今回、新規出張明細はありません。
経費申請を処理中...
2026-04-28 15:15:05 今回、新規明細はありません。
出張届及精算承認書を処理中...
2026-04-28 15:15:07 今回、新規出張明細はありません。
経費申請を処理中...
2026-04-28 15:30:05 今回、新規明細はありません。
出張届及精算承認書を処理中...
2026-04-28 15:30:06 今回、新規出張明細はありません。
経費申請を処理中...
2026-04-28 15:45:05 今回、新規明細はありません。
出張届及精算承認書を処理中...
2026-04-28 15:45:06 今回、新規出張明細はありません。
経費申請を処理中...
2026-04-28 16:00:06 今回、新規明細はありません。
出張届及精算承認書を処理中...
2026-04-28 16:00:07 今回、新規出張明細はありません。
経費申請を処理中...
2026-04-28 16:15:04 今回、新規明細はありません。
出張届及精算承認書を処理中...
2026-04-28 16:15:06 今回、新規出張明細はありません。
経費申請を処理中...
2026-04-28 16:30:05 今回、新規明細はありません。
出張届及精算承認書を処理中...
2026-04-28 16:30:06 今回、新規出張明細はありません。
経費申請を処理中...
2026-04-28 16:45:05 今回、新規明細はありません。
出張届及精算承認書を処理中...
2026-04-28 16:45:06 今回、新規出張明細はありません。
経費申請を処理中...
2026-04-28 17:00:05 今回、新規明細はありません。
出張届及精算承認書を処理中...
2026-04-28 17:00:06 今回、新規出張明細はありません。
経費申請を処理中...
2026-04-28 17:15:04 今回、新規明細はありません。
出張届及精算承認書を処理中...
2026-04-28 17:15:05 今回、新規出張明細はありません。
経費申請を処理中...
2026-04-28 17:30:04 今回、新規明細はありません。
出張届及精算承認書を処理中...
2026-04-28 17:30:05 今回、新規出張明細はありません。
経費申請を処理中...
2026-04-28 17:45:04 今回、新規明細はありません。
出張届及精算承認書を処理中...
2026-04-28 17:45:05 今回、新規出張明細はありません。
経費申請を処理中...
2026-04-28 18:00:05 今回、新規明細はありません。
出張届及精算承認書を処理中...
2026-04-28 18:00:06 今回、新規出張明細はありません。
経費申請を処理中...
2026-04-28 18:15:05 今回、新規明細はありません。
出張届及精算承認書を処理中...
2026-04-28 18:15:06 今回、新規出張明細はありません。
経費申請を処理中...
2026-04-28 18:30:05 今回、新規明細はありません。
出張届及精算承認書を処理中...
2026-04-28 18:30:06 今回、新規出張明細はありません。
経費申請を処理中...
2026-04-28 18:45:05 今回、新規明細はありません。
出張届及精算承認書を処理中...
2026-04-28 18:45:06 今回、新規出張明細はありません。
経費申請を処理中...
2026-04-29 09:00:09 今回、新規明細はありません。
出張届及精算承認書を処理中...
AI調査中 (Trip): 2026-04-19 真光寺公園-鶴川駅...
POST送信中: trip_24282_0 260-> 一致
AI調査中 (Trip): 2026-04-19 町田-京橋...
POST送信中: trip_24282_1 14740-> 一致
AI調査中 (Trip): 2026-04-21 京橋-町田...
POST送信中: trip_24282_3 14540-> 一致
AI調査中 (Trip): 2026-04-19 鶴川-町田...
POST送信中: trip_24282_4 170-> 一致
AI調査中 (Trip): 2026-04-21 町田-鶴川...
POST送信中: trip_24282_5 167-> 妥当
AI調査中 (Trip): 2026-04-21 鶴川-真光寺公園...
POST送信中: trip_24282_6 260-> 一致
2026-04-29 09:02:19 完了: 6 件の出張明細を更新しました。
経費申請を処理中...
2026-04-29 09:15:08 今回、新規明細はありません。
出張届及精算承認書を処理中...
2026-04-29 09:15:11 完了: 出張キャッシュを更新しました。
経費申請を処理中...
2026-04-29 09:30:05 今回、新規明細はありません。
出張届及精算承認書を処理中...
2026-04-29 09:30:07 今回、新規出張明細はありません。
経費申請を処理中...
2026-04-29 09:45:05 今回、新規明細はありません。
出張届及精算承認書を処理中...
2026-04-29 09:45:07 今回、新規出張明細はありません。
経費申請を処理中...
2026-04-29 10:00:06 今回、新規明細はありません。
出張届及精算承認書を処理中...
2026-04-29 10:00:08 今回、新規出張明細はありません。
経費申請を処理中...
2026-04-29 10:15:05 今回、新規明細はありません。
出張届及精算承認書を処理中...
2026-04-29 10:15:07 今回、新規出張明細はありません。
経費申請を処理中...
2026-04-29 10:30:05 今回、新規明細はありません。
出張届及精算承認書を処理中...
2026-04-29 10:30:07 今回、新規出張明細はありません。
経費申請を処理中...
2026-04-29 10:45:07 今回、新規明細はありません。
出張届及精算承認書を処理中...
2026-04-29 10:45:09 今回、新規出張明細はありません。
  File "/home/taira/tools/auto_expense_checker_v5.py", line 296
    def doSyuchou(token):
IndentationError: expected an indented block after 'else' statement on line 293
  File "/home/taira/tools/auto_expense_checker_v5.py", line 296
    def doSyuchou(token):
IndentationError: expected an indented block after 'else' statement on line 293
  File "/home/taira/tools/auto_expense_checker_v5.py", line 296
    def doSyuchou(token):
IndentationError: expected an indented block after 'else' statement on line 293
  File "/home/taira/tools/auto_expense_checker_v5.py", line 296
    def doSyuchou(token):
IndentationError: expected an indented block after 'else' statement on line 293
  File "/home/taira/tools/auto_expense_checker_v5.py", line 296
    def doSyuchou(token):
IndentationError: expected an indented block after 'else' statement on line 293
  File "/home/taira/tools/auto_expense_checker_v5.py", line 296
    def doSyuchou(token):
IndentationError: expected an indented block after 'else' statement on line 293
  File "/home/taira/tools/auto_expense_checker_v5.py", line 296
    def doSyuchou(token):
IndentationError: expected an indented block after 'else' statement on line 293
  File "/home/taira/tools/auto_expense_checker_v5.py", line 296
    def doSyuchou(token):
IndentationError: expected an indented block after 'else' statement on line 293
  File "/home/taira/tools/auto_expense_checker_v5.py", line 296
    def doSyuchou(token):
IndentationError: expected an indented block after 'else' statement on line 293
  File "/home/taira/tools/auto_expense_checker_v5.py", line 296
    def doSyuchou(token):
IndentationError: expected an indented block after 'else' statement on line 293
  File "/home/taira/tools/auto_expense_checker_v5.py", line 296
    def doSyuchou(token):
IndentationError: expected an indented block after 'else' statement on line 293
  File "/home/taira/tools/auto_expense_checker_v5.py", line 296
    def doSyuchou(token):
IndentationError: expected an indented block after 'else' statement on line 293
  File "/home/taira/tools/auto_expense_checker_v5.py", line 296
    def doSyuchou(token):
IndentationError: expected an indented block after 'else' statement on line 293
  File "/home/taira/tools/auto_expense_checker_v5.py", line 296
    def doSyuchou(token):
IndentationError: expected an indented block after 'else' statement on line 293
  File "/home/taira/tools/auto_expense_checker_v5.py", line 296
    def doSyuchou(token):
IndentationError: expected an indented block after 'else' statement on line 293
  File "/home/taira/tools/auto_expense_checker_v5.py", line 296
    def doSyuchou(token):
IndentationError: expected an indented block after 'else' statement on line 293
  File "/home/taira/tools/auto_expense_checker_v5.py", line 296
    def doSyuchou(token):
IndentationError: expected an indented block after 'else' statement on line 293
  File "/home/taira/tools/auto_expense_checker_v5.py", line 296
    def doSyuchou(token):
IndentationError: expected an indented block after 'else' statement on line 293
  File "/home/taira/tools/auto_expense_checker_v5.py", line 296
    def doSyuchou(token):
IndentationError: expected an indented block after 'else' statement on line 293
  File "/home/taira/tools/auto_expense_checker_v5.py", line 296
    def doSyuchou(token):
IndentationError: expected an indented block after 'else' statement on line 293
  File "/home/taira/tools/auto_expense_checker_v5.py", line 296
    def doSyuchou(token):
IndentationError: expected an indented block after 'else' statement on line 293
  File "/home/taira/tools/auto_expense_checker_v5.py", line 296
    def doSyuchou(token):
IndentationError: expected an indented block after 'else' statement on line 293
  File "/home/taira/tools/auto_expense_checker_v5.py", line 296
    def doSyuchou(token):
IndentationError: expected an indented block after 'else' statement on line 293
  File "/home/taira/tools/auto_expense_checker_v5.py", line 296
    def doSyuchou(token):
IndentationError: expected an indented block after 'else' statement on line 293
  File "/home/taira/tools/auto_expense_checker_v5.py", line 296
    def doSyuchou(token):
IndentationError: expected an indented block after 'else' statement on line 293
  File "/home/taira/tools/auto_expense_checker_v5.py", line 296
    def doSyuchou(token):
IndentationError: expected an indented block after 'else' statement on line 293
  File "/home/taira/tools/auto_expense_checker_v5.py", line 296
    def doSyuchou(token):
IndentationError: expected an indented block after 'else' statement on line 293
  File "/home/taira/tools/auto_expense_checker_v5.py", line 296
    def doSyuchou(token):
IndentationError: expected an indented block after 'else' statement on line 293
  File "/home/taira/tools/auto_expense_checker_v5.py", line 296
    def doSyuchou(token):
IndentationError: expected an indented block after 'else' statement on line 293
  File "/home/taira/tools/auto_expense_checker_v5.py", line 296
    def doSyuchou(token):
IndentationError: expected an indented block after 'else' statement on line 293
  File "/home/taira/tools/auto_expense_checker_v5.py", line 296
    def doSyuchou(token):
IndentationError: expected an indented block after 'else' statement on line 293
  File "/home/taira/tools/auto_expense_checker_v5.py", line 296
    def doSyuchou(token):
IndentationError: expected an indented block after 'else' statement on line 293
  File "/home/taira/tools/auto_expense_checker_v5.py", line 296
    def doSyuchou(token):
IndentationError: expected an indented block after 'else' statement on line 293
  File "/home/taira/tools/auto_expense_checker_v5.py", line 296
    def doSyuchou(token):
IndentationError: expected an indented block after 'else' statement on line 293
  File "/home/taira/tools/auto_expense_checker_v5.py", line 296
    def doSyuchou(token):
IndentationError: expected an indented block after 'else' statement on line 293
経費申請を処理中...
AI調査中: 2026/04/03 秋葉原-新橋...
POST送信中: 4836 200-> 一致
2026-04-30 09:45:28 完了: 1 件の明細を更新しました。
出張届及精算承認書を処理中...
2026-04-30 10:00:10 完了: 出張キャッシュを更新しました。
2026-04-30 10:30:07 完了: キャッシュを更新しました。
2026-04-30 10:30:09 完了: 出張キャッシュを更新しました。
2026-04-30 11:00:08 完了: 出張キャッシュを更新しました。
AI調査中: 2690 2026/04/19 氷川台-京橋（大阪）...
POST送信中: 4837 15120-> Pending
AI調査中: 2690 2026/04/19 京橋（大阪）-氷川台...
POST送信中: 4838 15568-> Pending
2026-04-30 11:15:41 完了: 2 件の明細を更新しました。
AI調査中 (Trip): 24290 2026-04-19 氷川台-新横浜...
POST送信中: trip_24290_0 610-> 一致
AI調査中 (Trip): 24290 2026-04-19 新大阪-京橋（大阪）...
POST送信中: trip_24290_1 200-> 一致
AI調査中 (Trip): 24290 2026-04-19 新横浜-新大阪...
POST送信中: trip_24290_2 14190-> 一致
AI調査中 (Trip): 24290 2026-04-21 京橋（大阪）-新大阪...
POST送信中: trip_24290_4 200-> 一致
AI調査中 (Trip): 24290 2026-04-21 新大阪-新横浜...
POST送信中: trip_24290_5 13990-> 一致
AI調査中 (Trip): 24290 2026-04-21 新横浜-氷川台...
POST送信中: trip_24290_6 610-> 一致
2026-04-30 11:47:34 完了: 6 件の出張明細を更新しました。
2026-04-30 12:00:09 完了: 出張キャッシュを更新しました。
2026-04-30 13:15:07 完了: 出張キャッシュを更新しました。
AI調査中: 2669 2026/04/27 西日暮里-新大久保...
POST送信中: 4840 253-> Pending
AI調査中: 2669 2026/04/30 西日暮里-新大久保...
POST送信中: 4841 209-> 一致
2026-04-30 14:30:21 完了: 2 件の明細を更新しました。
AI調査中: 2669 2026/04/27 西日暮里-新大久保...
POST送信中: 4840 209-> 一致
2026-04-30 16:00:12 完了: 1 件の明細を更新しました。
AI調査中: 2684 2026/04/18 祖師ヶ谷大蔵-小田急多摩センター...
POST送信中: 4818 293-> 妥当
AI調査中: 2684 2026/04/24 祖師ヶ谷大蔵-小田急多摩センター...
POST送信中: 4834 293-> 妥当
AI調査中: 2684 2026/04/27 祖師ヶ谷大蔵-小田急多摩センター...
POST送信中: 4833 293-> 妥当
2026-04-30 18:00:26 完了: 3 件の明細を更新しました。
AI調査中: 2653 2026/04/01 鎌取-大久保...
POST送信中: 4798 1034-> 妥当
AI調査中: 2653 2026/04/06 鎌取-品川...
POST送信中: 4799 1034-> Pending
2026-04-30 18:30:46 完了: 2 件の明細を更新しました。
AI調査中: 2673 2026/04/02 中野島-府中...
POST送信中: 4795 349-> 妥当
AI調査中: 2673 2026/04/03 中野島-府中...
POST送信中: 4796 349-> 妥当
AI調査中: 2673 2026/04/10 中野島-府中...
POST送信中: 4802 370-> Pending
AI調査中: 2673 2026/04/17 中野島-府中...
POST送信中: 4817 349-> 妥当
AI調査中: 2673 2026/04/24 中野島-府中...
POST送信中: 4835 370-> Pending
AI調査中: 2653 2026/04/06 鎌取-品川...
POST送信中: 4799 1091-> 要確認
2026-04-30 18:49:34 完了: 6 件の明細を更新しました。
AI調査中: 2674 2026/04/01 御茶ノ水-新大久保...
POST送信中: 4797 209-> 妥当
AI調査中: 2674 2026/04/07 御茶ノ水-新大久保...
POST送信中: 4800 209-> 妥当
AI調査中: 2674 2026/04/09 秋葉原-新橋...
POST送信中: 4803 199-> 妥当
AI調査中: 2685 2026/04/27 武蔵小金井-多摩センター...
POST送信中: 4819 617-> 妥当
AI調査中: 2679 2026/04/15 中目黒-水元二丁目...
POST送信中: 4810 798-> Pending
AI調査中: 2679 2026/04/15 品川シーサイド-中目黒...
POST送信中: 4809 605-> Pending
AI調査中: 2673 2026/04/10 中野島-府中...
POST送信中: 4802 350-> 一致
AI調査中: 2673 2026/04/24 中野島-府中...
POST送信中: 4835 349-> 妥当
2026-05-01 09:03:09 完了: 8 件の明細を更新しました。
AI調査中 (Trip): 24282 2026-04-19 真光寺公園-鶴川駅...
POST送信中: trip_24282_0 260-> 一致
AI調査中 (Trip): 24282 2026-04-19 町田-京橋...
POST送信中: trip_24282_1 14740-> 一致
AI調査中 (Trip): 24282 2026-04-21 京橋-町田...
POST送信中: trip_24282_3 14540-> 一致
AI調査中 (Trip): 24282 2026-04-19 鶴川-町田...
POST送信中: trip_24282_4 170-> 一致
AI調査中 (Trip): 24282 2026-04-21 町田-鶴川...
POST送信中: trip_24282_5 167-> 妥当
AI調査中 (Trip): 24282 2026-04-21 鶴川-真光寺公園...
POST送信中: trip_24282_6 260-> 一致
2026-05-01 09:05:27 完了: 6 件の出張明細を更新しました。
AI調査中: 2679 2026/04/15 中目黒-水元二丁目...
POST送信中: 4810 735-> 要確認
AI調査中: 2679 2026/04/15 品川シーサイド-中目黒...
POST送信中: 4809 649-> 妥当
2026-05-01 09:17:22 完了: 2 件の明細を更新しました。
2026-05-01 09:17:24 完了: 出張キャッシュを更新しました。
AI調査中: 2692 2026/04/08 踊場-大崎...
POST送信中: 4867 925-> 妥当
AI調査中: 2692 2026/04/15 踊場-大崎...
POST送信中: 4868 925-> 妥当
AI調査中: 2691 2026/04/01 都立大学-新大久保...
POST送信中: 4842 379-> 妥当
AI調査中: 2691 2026/04/04 都立大学-新大久保...
POST送信中: 4843 370-> Pending
AI調査中: 2691 2026/04/06 都立大学-新大久保...
POST送信中: 4844 379-> 妥当
AI調査中: 2691 2026/04/07 都立大学-新大久保...
POST送信中: 4845 340-> Pending
AI調査中: 2691 2026/04/08 都立大学-新大久保...
POST送信中: 4846 400-> Pending
AI調査中: 2691 2026/04/09 都立大学-新大久保...
POST送信中: 4847 379-> 妥当
AI調査中: 2691 2026/04/11 都立大学-新大久保...
POST送信中: 4864 350.0-> Pending
AI調査中: 2691 2026/04/13 都立大学-新大久保...
POST送信中: 4848 431-> Pending
AI調査中: 2691 2026/04/15 新大久保-都立大学...
POST送信中: 4866 379-> 妥当
AI調査中: 2691 2026/04/15 都立大学-大崎...
POST送信中: 4849 433-> Pending
AI調査中: 2691 2026/04/15 大崎-新大久保...
POST送信中: 4865 210-> 一致
AI調査中: 2691 2026/04/18 茅場町-新大久保...
POST送信中: 4862 364-> 妥当
AI調査中: 2691 2026/04/18 京急品川-宝町...
POST送信中: 4861 370-> 一致
AI調査中: 2691 2026/04/18 新大久保-都立大学...
POST送信中: 4863 379-> 妥当
AI調査中: 2691 2026/04/18 都立大学-新大久保...
POST送信中: 4850 380-> 一致
AI調査中: 2691 2026/04/18 都立大学-大森...
POST送信中: 4858 382-> 妥当
AI調査中: 2691 2026/04/18 大森-大田市場...
POST送信中: 4859 250-> 一致
AI調査中: 2691 2026/04/18 大田市場-品川...
POST送信中: 4860 210-> 一致
AI調査中: 2691 2026/04/20 都立大学-新大久保...
POST送信中: 4851 389-> Pending
AI調査中: 2691 2026/04/22 都立大学-新大久保...
POST送信中: 4852 379-> 妥当
AI調査中: 2691 2026/04/23 都立大学-新大久保...
POST送信中: 4853 390-> Pending
AI調査中: 2691 2026/04/25 都立大学-新大久保...
POST送信中: 4854 380-> 一致
AI調査中: 2691 2026/04/27 都立大学-新大久保...
POST送信中: 4855 350.0-> 妥当
AI調査中: 2691 2026/04/28 都立大学-新大久保...
POST送信中: 4856 433-> Pending
AI調査中: 2691 2026/04/30 都立大学-新大久保...
POST送信中: 4857 440-> Pending
2026-05-01 09:35:56 完了: 27 件の明細を更新しました。
AI調査中: 2691 2026/04/04 都立大学-新大久保...
POST送信中: 4843 380-> 一致
AI調査中: 2691 2026/04/07 都立大学-新大久保...
POST送信中: 4845 389-> 妥当
AI調査中: 2691 2026/04/08 都立大学-新大久保...
POST送信中: 4846 380-> 一致
AI調査中: 2691 2026/04/11 都立大学-新大久保...
POST送信中: 4864 380-> 一致
AI調査中: 2691 2026/04/13 都立大学-新大久保...
POST送信中: 4848 433-> 要確認
AI調査中: 2691 2026/04/15 都立大学-大崎...
POST送信中: 4849 440-> 要確認
AI調査中: 2691 2026/04/20 都立大学-新大久保...
POST送信中: 4851 389-> 要確認
AI調査中: 2691 2026/04/23 都立大学-新大久保...
POST送信中: 4853 380-> 一致
AI調査中: 2691 2026/04/28 都立大学-新大久保...
POST送信中: 4856 440-> 要確認
AI調査中: 2691 2026/04/30 都立大学-新大久保...
POST送信中: 4857 380-> 一致
2026-05-01 09:47:26 完了: 10 件の明細を更新しました。
2026-05-01 10:15:07 完了: キャッシュを更新しました。
AI調査中: 2676 2026/04/11 熊谷-京王多摩センター...
POST送信中: 4804 1577-> 一致
AI調査中: 2676 2026/04/12 京王多摩センター-熊谷...
POST送信中: 4805 1577-> 一致
2026-05-01 10:30:43 完了: 2 件の明細を更新しました。
AI調査中: 2693 2026/04/28 秋葉原-新橋...
POST送信中: 4869 200-> 一致
2026-05-01 11:00:12 完了: 1 件の明細を更新しました。
AI調査中: 2694 2026/04/17 東伏見-多摩センター...
POST送信中: 4870 726-> Pending
2026-05-01 11:15:40 完了: 1 件の明細を更新しました。
AI調査中: 2694 2026/04/17 東伏見-多摩センター...
POST送信中: 4870 692-> 妥当
2026-05-01 11:30:45 完了: 1 件の明細を更新しました。
2026-05-01 11:30:48 完了: 出張キャッシュを更新しました。
AI調査中: 2695 2026/04/02 品川シーサイド-新大久保...
POST送信中: 4871 481-> 一致
AI調査中: 2695 2026/04/02 大久保-荻窪...
POST送信中: 4872 209-> Pending
AI調査中: 2695 2026/04/23 品川シーサイド-京王多摩センター...
POST送信中: 4873 850-> Pending
AI調査中: 2695 2026/04/23 京王-荻窪...
POST送信中: 4874 570-> 一致
2026-05-01 12:45:40 完了: 4 件の明細を更新しました。
AI調査中: 2695 2026/04/02 大久保-荻窪...
POST送信中: 4872 209-> 要確認
AI調査中: 2695 2026/04/23 品川シーサイド-京王多摩センター...
POST送信中: 4873 881-> 要確認
2026-05-01 13:00:31 完了: 2 件の明細を更新しました。
2026-05-01 14:00:08 完了: 出張キャッシュを更新しました。
2026-05-01 14:15:09 完了: 出張キャッシュを更新しました。
AI調査中: 2683 2026/04/20 新宿-田町...
POST送信中: 4815 253-> 妥当
AI調査中: 2683 2026/04/20 東京-田町...
POST送信中: 4816 199-> 妥当
2026-05-01 16:01:20 完了: 2 件の明細を更新しました。
2026-05-01 17:30:08 完了: キャッシュを更新しました。
2026-05-01 17:45:07 完了: キャッシュを更新しました。
2026-05-01 18:00:27 完了: キャッシュを更新しました。
2026-05-01 18:15:08 完了: キャッシュを更新しました。
2026-05-01 18:30:09 完了: キャッシュを更新しました。
2026-05-01 18:45:12 完了: キャッシュを更新しました。
AI調査中: 2680 2026/04/10 京王多摩センター-東三番街...
POST送信中: 4811 1216-> 妥当
AI調査中: 2680 2026/04/24 京王多摩センター-東三番街...
POST送信中: 4882 1220-> 一致
AI調査中: 2697 2026/04/12 京王多摩センター-落合南長崎...
POST送信中: 4877 545-> Pending
AI調査中: 2697 2026/04/18 京王多摩センター-落合南長崎...
POST送信中: 4878 580-> 一致
AI調査中: 2697 2026/04/20 新宿-落合南長崎...
POST送信中: 4879 220-> 一致
AI調査中: 2697 2026/04/20 京王多摩センター-新宿...
POST送信中: 4880 356-> 妥当
AI調査中: 2697 2026/04/20 品川シーサイド-新宿...
POST送信中: 4881 481-> 妥当
2026-05-04 09:01:42 完了: 7 件の明細を更新しました。
AI調査中: 2697 2026/04/12 京王多摩センター-落合南長崎...
POST送信中: 4877 580-> 一致
2026-05-04 09:15:20 完了: 1 件の明細を更新しました。
2026-05-04 10:45:13 完了: キャッシュを更新しました。
AI調査中: 2695 2026/04/02 品川シーサイド-新大久保...
POST送信中: 4871 481-> 妥当
AI調査中: 2695 2026/04/02 大久保-荻窪...
POST送信中: 4872 210-> 一致
AI調査中: 2695 2026/04/23 京王多摩センター-荻窪...
POST送信中: 4874 570-> 一致
AI調査中: 2695 2026/04/23 京王多摩センター-品川シーサイド...
POST送信中: 4873 870-> Pending
2026-05-05 14:46:59 完了: 4 件の明細を更新しました。
AI調査中: 2695 2026/04/23 京王多摩センター-品川シーサイド...
POST送信中: 4873 840-> 妥当
2026-05-05 15:00:17 完了: 1 件の明細を更新しました。
AI調査中: 2698 2026/04/08 JR武蔵小杉駅-新大久保駅...
POST送信中: 4883 440-> 一致
AI調査中: 2698 2026/04/08 新大久保駅-西府駅...
POST送信中: 4884 530-> 一致
2026-05-07 09:32:04 完了: 2 件の明細を更新しました。
AI調査中: 2672 2026/04/01 武蔵小杉-花小金井...
POST送信中: 4793 841-> Pending
AI調査中: 2672 2026/04/01 新大久保-武蔵小杉...
POST送信中: 4794 410-> Pending
AI調査中: 2672 2026/04/10 新大久保-渋谷...
POST送信中: 4821 199-> 一致
AI調査中: 2672 2026/04/10 渋谷-花小金井...
POST送信中: 4822 532-> 一致
AI調査中: 2672 2026/04/21 目黒-花小金井...
POST送信中: 4823 532-> 一致
AI調査中: 2672 2026/04/22 与野-花小金井...
POST送信中: 4824 685-> 一致
AI調査中: 2672 2026/04/22 与野-新大久保...
POST送信中: 4825 440-> 一致
AI調査中: 2672 2026/04/22 新大久保-飯田橋...
POST送信中: 4826 333-> 一致
AI調査中: 2672 2026/04/22 武蔵小杉-飯田橋...
POST送信中: 4827 436-> 一致
AI調査中: 2672 2026/04/22 武蔵小杉-花小金井...
POST送信中: 4828 763-> 一致
AI調査中: 2672 2026/04/24 品川-新大久保...
POST送信中: 4829 253-> 一致
AI調査中: 2672 2026/04/24 品川-花小金井...
POST送信中: 4830 576-> Pending
AI調査中: 2672 2026/04/27 新大久保-新橋...
POST送信中: 4831 377-> 一致
AI調査中: 2672 2026/04/27 新橋-花小金井...
POST送信中: 4832 576-> 一致
2026-05-07 10:17:56 完了: 14 件の明細を更新しました。
AI調査中: 2672 2026/04/01 新大久保-武蔵小杉...
POST送信中: 4794 341-> 要確認
AI調査中: 2672 2026/04/01 武蔵小杉-花小金井...
POST送信中: 4793 646-> 要確認
AI調査中: 2672 2026/04/24 品川-花小金井...
POST送信中: 4830 576-> 一致
2026-05-07 10:30:36 完了: 3 件の明細を更新しました。
AI調査中 (Trip): 24290 2026-04-19 新横浜-氷川台...
POST送信中: trip_24290_0 610-> 一致
AI調査中 (Trip): 24290 2026-04-19 京橋（大阪）-新大阪...
POST送信中: trip_24290_1 200-> 一致
AI調査中 (Trip): 24290 2026-04-19 新大阪-新横浜...
POST送信中: trip_24290_2 14790-> Pending
AI調査中 (Trip): 24290 2026-04-21 京橋（大阪）-新大阪...
POST送信中: trip_24290_4 200-> 一致
AI調査中 (Trip): 24290 2026-04-21 新大阪-新横浜...
POST送信中: trip_24290_5 13990-> 一致
AI調査中 (Trip): 24290 2026-04-21 新横浜-氷川台...
POST送信中: trip_24290_6 610-> 一致
2026-05-07 10:31:40 完了: 6 件の出張明細を更新しました。
2026-05-07 10:45:15 完了: キャッシュを更新しました。
AI調査中 (Trip): 24290 2026-04-19 新大阪-新横浜...
POST送信中: trip_24290_2 14190-> 一致
2026-05-07 10:45:28 完了: 1 件の出張明細を更新しました。
2026-05-07 11:00:13 完了: 出張キャッシュを更新しました。
AI調査中: 2699 2026/04/21 三鷹-天王洲アイル...
POST送信中: 4885 712-> 妥当
2026-05-07 11:15:45 完了: 1 件の明細を更新しました。
2026-05-07 12:00:12 完了: キャッシュを更新しました。
2026-05-07 12:15:11 完了: キャッシュを更新しました。
AI調査中: 2672 2026/04/01 武蔵小杉-花小金井...
POST送信中: 4793 763-> 一致
AI調査中: 2672 2026/04/01 新大久保-武蔵小杉...
POST送信中: 4794 440-> 一致
2026-05-07 13:02:42 完了: 2 件の明細を更新しました。
2026-05-07 14:15:07 完了: キャッシュを更新しました。
AI調査中 (Trip): 24290 2026-04-19 新横浜-氷川台...
POST送信中: trip_24290_0 610-> 一致
AI調査中 (Trip): 24290 2026-04-19 京橋（大阪）-新大阪...
POST送信中: trip_24290_1 200-> 一致
AI調査中 (Trip): 24290 2026-04-19 新大阪-新横浜...
POST送信中: trip_24290_2 14190-> 一致
AI調査中 (Trip): 24290 2026-04-21 京橋（大阪）-新大阪...
POST送信中: trip_24290_4 200-> 一致
AI調査中 (Trip): 24290 2026-04-21 新大阪-新横浜...
POST送信中: trip_24290_5 13990-> 一致
AI調査中 (Trip): 24290 2026-04-21 新横浜-氷川台...
POST送信中: trip_24290_6 610-> 一致
2026-05-07 14:17:49 完了: 6 件の出張明細を更新しました。
2026-05-07 14:30:12 完了: 出張キャッシュを更新しました。
2026-05-07 15:15:06 完了: キャッシュを更新しました。
2026-05-07 16:30:12 完了: 出張キャッシュを更新しました。
2026-05-08 09:00:14 完了: 出張キャッシュを更新しました。
2026-05-12 09:00:23 完了: 出張キャッシュを更新しました。
AI調査中: 2706 2026/05/12 新大久保-船橋法典...
POST送信中: 4898 620-> 一致
2026-05-18 09:00:18 完了: 1 件の明細を更新しました。
AI調査中: 2702 2026/05/12 成城学園前-新大久保...
POST送信中: 4888 385-> Pending
AI調査中: 2702 2026/05/12 成城学園前-高根公団...
POST送信中: 4889 956-> 一致
2026-05-18 09:16:07 完了: 2 件の明細を更新しました。
AI調査中: 2708 2026/05/02 京王多摩センター-東白楽...
POST送信中: 4901 720-> 一致
AI調査中: 2702 2026/05/12 成城学園前-新大久保...
POST送信中: 4888 385-> 一致
2026-05-18 09:30:51 完了: 2 件の明細を更新しました。
2026-05-18 10:00:11 完了: キャッシュを更新しました。
2026-05-18 16:30:09 完了: キャッシュを更新しました。
2026-05-19 09:00:13 完了: キャッシュを更新しました。
2026-05-19 09:30:13 完了: キャッシュを更新しました。
AI調査中: 2712 2026/05/22 与野-新大久保...
POST送信中: 4909 440-> 一致
2026-05-22 17:30:14 完了: 1 件の明細を更新しました。
2026-05-22 18:00:09 完了: キャッシュを更新しました。
2026-05-25 13:00:09 完了: キャッシュを更新しました。
AI調査中: 2707 2026/05/15 多摩センター-東伏見...
POST送信中: 4899 700-> 一致
AI調査中: 2707 2026/05/17 多摩センター-東伏見...
POST送信中: 4900 700-> 一致
AI調査中: 2707 2026/05/22 新大久保-東伏見...
POST送信中: 4919 450-> 一致
AI調査中: 2714 2026/05/22 新大久保駅-日本大通り駅...
POST送信中: 4918 732.0-> 妥当
2026-05-26 09:02:50 完了: 4 件の明細を更新しました。
2026-05-26 09:15:08 完了: キャッシュを更新しました。
2026-05-26 10:00:08 完了: キャッシュを更新しました。
2026-05-26 16:45:09 完了: キャッシュを更新しました。
AI調査中: 2711 2026/05/22 新大久保-祖師ヶ谷大蔵...
POST送信中: 4907 381-> 妥当
AI調査中: 2711 2026/05/25 小田急多摩センター-祖師ヶ谷大蔵...
POST送信中: 4908 300-> 一致
2026-05-27 18:00:19 完了: 2 件の明細を更新しました。
AI調査中: 2719 2026/05/15 品川シーサイド-新宿...
POST送信中: 4929 481-> 妥当
AI調査中: 2719 2026/05/15 京王多摩センター-新宿...
POST送信中: 4930 360-> 一致
AI調査中: 2719 2026/05/15 新宿-落合南長崎...
POST送信中: 4931 220-> 一致
AI調査中: 2719 2026/05/16 京王多摩センター-落合南長崎...
POST送信中: 4932 580-> 一致
AI調査中: 2719 2026/05/18 品川シーサイド-新宿...
POST送信中: 4935 481-> 妥当
AI調査中: 2719 2026/05/18 新宿-落合南長崎...
POST送信中: 4933 220-> 一致
AI調査中: 2719 2026/05/18 京王多摩センター-新宿...
AI判定中にエラーが発生しました (京王多摩センター-新宿): 503 UNAVAILABLE. {'error': {'code': 503, 'message': 'This model is currently experiencing high demand. Spikes in demand are usually temporary. Please try again later.', 'status': 'UNAVAILABLE'}}
AI判定に失敗: 4934
AI調査中: 2719 2026/05/22 品川シーサイド-新宿...
POST送信中: 4936 481-> 妥当
AI調査中: 2719 2026/05/22 京王多摩センター-新宿...
POST送信中: 4937 360-> 一致
AI調査中: 2719 2026/05/22 新宿-落合南長崎...
AI判定中にエラーが発生しました (新宿-落合南長崎): 503 UNAVAILABLE. {'error': {'code': 503, 'message': 'This model is currently experiencing high demand. Spikes in demand are usually temporary. Please try again later.', 'status': 'UNAVAILABLE'}}
AI判定に失敗: 4938
AI調査中: 2719 2026/05/24 京王多摩センター-落合南長崎...
POST送信中: 4939 580-> 一致
2026-05-28 09:05:42 完了: 9 件の明細を更新しました。
AI調査中: 2719 2026/05/18 京王多摩センター-新宿...
POST送信中: 4934 360-> 一致
AI調査中: 2719 2026/05/22 新宿-落合南長崎...
POST送信中: 4938 220-> 一致
2026-05-28 09:15:25 完了: 2 件の明細を更新しました。
