Checking Google Drive for new PDF files...
 Scanning folder: 2026年度...
 Scanning folder: 2025年度...
 Scanning folder: 2024年度...
 Scanning folder: 2023年度...
 Scanning folder: 2021年度...
 Scanning folder: 2022年度...
Google Drive sync complete. 0 files downloaded.
Syncing local files to Open WebUI Knowledge Base...
 Found 17 new files to upload.
 Processing: ＫＰＳ新聞2025.01.pdf...
 Error uploading ＫＰＳ新聞2025.01.pdf: {"detail":"401 Unauthorized"}
  Failed to upload ＫＰＳ新聞2025.01.pdf.
 Processing: ＫＰＳ新聞2025.02.pdf...
 Error uploading ＫＰＳ新聞2025.02.pdf: {"detail":"401 Unauthorized"}
  Failed to upload ＫＰＳ新聞2025.02.pdf.
 Processing: ＫＰＳ新聞2025.03.pdf...
 Error uploading ＫＰＳ新聞2025.03.pdf: {"detail":"401 Unauthorized"}
  Failed to upload ＫＰＳ新聞2025.03.pdf.
 Processing: ＫＰＳ新聞2025.04.pdf...
 Error uploading ＫＰＳ新聞2025.04.pdf: {"detail":"401 Unauthorized"}
  Failed to upload ＫＰＳ新聞2025.04.pdf.
 Processing: ＫＰＳ新聞2025.05.pdf...
 Error uploading ＫＰＳ新聞2025.05.pdf: {"detail":"401 Unauthorized"}
  Failed to upload ＫＰＳ新聞2025.05.pdf.
 Processing: ＫＰＳ新聞2025.06.pdf...
 Error uploading ＫＰＳ新聞2025.06.pdf: {"detail":"401 Unauthorized"}
  Failed to upload ＫＰＳ新聞2025.06.pdf.
 Processing: ＫＰＳ新聞2025.07.pdf...
 Error uploading ＫＰＳ新聞2025.07.pdf: {"detail":"401 Unauthorized"}
  Failed to upload ＫＰＳ新聞2025.07.pdf.
 Processing: ＫＰＳ新聞2025.08.pdf...
 Error uploading ＫＰＳ新聞2025.08.pdf: {"detail":"401 Unauthorized"}
  Failed to upload ＫＰＳ新聞2025.08.pdf.
 Processing: ＫＰＳ新聞2025.09.pdf...
 Error uploading ＫＰＳ新聞2025.09.pdf: {"detail":"401 Unauthorized"}
  Failed to upload ＫＰＳ新聞2025.09.pdf.
 Processing: ＫＰＳ新聞2025.10.pdf...
 Error uploading ＫＰＳ新聞2025.10.pdf: {"detail":"401 Unauthorized"}
  Failed to upload ＫＰＳ新聞2025.10.pdf.
 Processing: ＫＰＳ新聞2025.11.pdf...
 Error uploading ＫＰＳ新聞2025.11.pdf: {"detail":"401 Unauthorized"}
  Failed to upload ＫＰＳ新聞2025.11.pdf.
 Processing: ＫＰＳ新聞2025.12.pdf...
 Error uploading ＫＰＳ新聞2025.12.pdf: {"detail":"401 Unauthorized"}
  Failed to upload ＫＰＳ新聞2025.12.pdf.
 Processing: ＫＰＳ新聞2026.1.pdf...
 Error uploading ＫＰＳ新聞2026.1.pdf: {"detail":"401 Unauthorized"}
  Failed to upload ＫＰＳ新聞2026.1.pdf.
 Processing: ＫＰＳ新聞2026.2.pdf...
 Error uploading ＫＰＳ新聞2026.2.pdf: {"detail":"401 Unauthorized"}
  Failed to upload ＫＰＳ新聞2026.2.pdf.
 Processing: ＫＰＳ新聞2026.3.pdf...
 Error uploading ＫＰＳ新聞2026.3.pdf: {"detail":"401 Unauthorized"}
  Failed to upload ＫＰＳ新聞2026.3.pdf.
 Processing: ＫＰＳ新聞2026.4.pdf...
 Error uploading ＫＰＳ新聞2026.4.pdf: {"detail":"401 Unauthorized"}
  Failed to upload ＫＰＳ新聞2026.4.pdf.
 Processing: ＫＰＳ新聞2026.5.pdf...
 Error uploading ＫＰＳ新聞2026.5.pdf: {"detail":"401 Unauthorized"}
  Failed to upload ＫＰＳ新聞2026.5.pdf.
Open WebUI upload complete. 0 files processed.
Triggering all Knowledge Bases reindex...
 Failed to trigger reindex: {"detail":"401 Unauthorized"}
--- Task started at: 2026-05-26 10:39:03 ---
Checking Google Drive for new PDF files...
 Scanning folder: 2026年度...
 Scanning folder: 2025年度...
 Scanning folder: 2024年度...
 Scanning folder: 2023年度...
 Scanning folder: 2021年度...
  Downloading new file: ＫＰＳ新聞2022.03.pdf...
   Failed to download ＫＰＳ新聞2022.03.pdf: Google API error (403 cannotDownloadFile): This file cannot be downloaded by the user.

  Downloading new file: ＫＰＳ新聞2022.02.pdf...
   Failed to download ＫＰＳ新聞2022.02.pdf: Google API error (403 cannotDownloadFile): This file cannot be downloaded by the user.

  Downloading new file: ＫＰＳ新聞2022.01.pdf...
   Failed to download ＫＰＳ新聞2022.01.pdf: Google API error (403 cannotDownloadFile): This file cannot be downloaded by the user.

  Downloading new file: ＫＰＳ新聞2021.12.pdf...
   Failed to download ＫＰＳ新聞2021.12.pdf: Google API error (403 cannotDownloadFile): This file cannot be downloaded by the user.

  Downloading new file: ＫＰＳ新聞2021.11.pdf...
   Failed to download ＫＰＳ新聞2021.11.pdf: Google API error (403 cannotDownloadFile): This file cannot be downloaded by the user.

  Downloading new file: ＫＰＳ新聞2021.10.pdf...
   Failed to download ＫＰＳ新聞2021.10.pdf: Google API error (403 cannotDownloadFile): This file cannot be downloaded by the user.

  Downloading new file: ＫＰＳ新聞2021.09.pdf...
   Failed to download ＫＰＳ新聞2021.09.pdf: Google API error (403 cannotDownloadFile): This file cannot be downloaded by the user.

  Downloading new file: ＫＰＳ新聞2021.08.pdf...
   Failed to download ＫＰＳ新聞2021.08.pdf: Google API error (403 cannotDownloadFile): This file cannot be downloaded by the user.

  Downloading new file: ＫＰＳ新聞2021.07.pdf...
   Failed to download ＫＰＳ新聞2021.07.pdf: Google API error (403 cannotDownloadFile): This file cannot be downloaded by the user.

  Downloading new file: ＫＰＳ新聞2021.06.pdf...
   Failed to download ＫＰＳ新聞2021.06.pdf: Google API error (403 cannotDownloadFile): This file cannot be downloaded by the user.

  Downloading new file: ＫＰＳ新聞2021.05.pdf...
   Failed to download ＫＰＳ新聞2021.05.pdf: Google API error (403 cannotDownloadFile): This file cannot be downloaded by the user.

  Downloading new file: ＫＰＳ新聞2021.04.pdf...
   Failed to download ＫＰＳ新聞2021.04.pdf: Google API error (403 cannotDownloadFile): This file cannot be downloaded by the user.

 Scanning folder: 2022年度...
Google Drive sync complete. 0 files downloaded.
Syncing local files to Open WebUI Knowledge Base...
 Found 50 new files to upload.
 Processing: ＫＰＳ新聞2022.04.pdf...
 Error uploading ＫＰＳ新聞2022.04.pdf: {"detail":"401 Unauthorized"}
  Failed to upload ＫＰＳ新聞2022.04.pdf.
 Processing: ＫＰＳ新聞2022.05.pdf...
 Error uploading ＫＰＳ新聞2022.05.pdf: {"detail":"401 Unauthorized"}
  Failed to upload ＫＰＳ新聞2022.05.pdf.
 Processing: ＫＰＳ新聞2022.06.pdf...
 Error uploading ＫＰＳ新聞2022.06.pdf: {"detail":"401 Unauthorized"}
  Failed to upload ＫＰＳ新聞2022.06.pdf.
 Processing: ＫＰＳ新聞2022.07.pdf...
 Error uploading ＫＰＳ新聞2022.07.pdf: {"detail":"401 Unauthorized"}
  Failed to upload ＫＰＳ新聞2022.07.pdf.
 Processing: ＫＰＳ新聞2022.08.pdf...
 Error uploading ＫＰＳ新聞2022.08.pdf: {"detail":"401 Unauthorized"}
  Failed to upload ＫＰＳ新聞2022.08.pdf.
 Processing: ＫＰＳ新聞2022.09.pdf...
 Error uploading ＫＰＳ新聞2022.09.pdf: {"detail":"401 Unauthorized"}
  Failed to upload ＫＰＳ新聞2022.09.pdf.
 Processing: ＫＰＳ新聞2022.10.pdf...
 Error uploading ＫＰＳ新聞2022.10.pdf: {"detail":"401 Unauthorized"}
  Failed to upload ＫＰＳ新聞2022.10.pdf.
 Processing: ＫＰＳ新聞2022.11.pdf...
 Error uploading ＫＰＳ新聞2022.11.pdf: {"detail":"401 Unauthorized"}
  Failed to upload ＫＰＳ新聞2022.11.pdf.
 Processing: ＫＰＳ新聞2022.12.pdf...
 Error uploading ＫＰＳ新聞2022.12.pdf: {"detail":"401 Unauthorized"}
  Failed to upload ＫＰＳ新聞2022.12.pdf.
 Processing: ＫＰＳ新聞2023.04.pdf...
 Error uploading ＫＰＳ新聞2023.04.pdf: {"detail":"401 Unauthorized"}
  Failed to upload ＫＰＳ新聞2023.04.pdf.
 Processing: ＫＰＳ新聞2023.05.pdf...
 Error uploading ＫＰＳ新聞2023.05.pdf: {"detail":"401 Unauthorized"}
  Failed to upload ＫＰＳ新聞2023.05.pdf.
 Processing: ＫＰＳ新聞2023.06.pdf...
 Error uploading ＫＰＳ新聞2023.06.pdf: {"detail":"401 Unauthorized"}
  Failed to upload ＫＰＳ新聞2023.06.pdf.
 Processing: ＫＰＳ新聞2023.07.pdf...
 Error uploading ＫＰＳ新聞2023.07.pdf: {"detail":"401 Unauthorized"}
  Failed to upload ＫＰＳ新聞2023.07.pdf.
 Processing: ＫＰＳ新聞2023.08.pdf...
 Error uploading ＫＰＳ新聞2023.08.pdf: {"detail":"401 Unauthorized"}
  Failed to upload ＫＰＳ新聞2023.08.pdf.
 Processing: ＫＰＳ新聞2023.09.pdf...
 Error uploading ＫＰＳ新聞2023.09.pdf: {"detail":"401 Unauthorized"}
  Failed to upload ＫＰＳ新聞2023.09.pdf.
 Processing: ＫＰＳ新聞2023.1.pdf...
 Error uploading ＫＰＳ新聞2023.1.pdf: {"detail":"401 Unauthorized"}
  Failed to upload ＫＰＳ新聞2023.1.pdf.
 Processing: ＫＰＳ新聞2023.10.pdf...
 Error uploading ＫＰＳ新聞2023.10.pdf: {"detail":"401 Unauthorized"}
  Failed to upload ＫＰＳ新聞2023.10.pdf.
 Processing: ＫＰＳ新聞2023.11.pdf...
 Error uploading ＫＰＳ新聞2023.11.pdf: {"detail":"401 Unauthorized"}
  Failed to upload ＫＰＳ新聞2023.11.pdf.
 Processing: ＫＰＳ新聞2023.12.pdf...
 Error uploading ＫＰＳ新聞2023.12.pdf: {"detail":"401 Unauthorized"}
  Failed to upload ＫＰＳ新聞2023.12.pdf.
 Processing: ＫＰＳ新聞2023.2.pdf...
 Error uploading ＫＰＳ新聞2023.2.pdf: {"detail":"401 Unauthorized"}
  Failed to upload ＫＰＳ新聞2023.2.pdf.
 Processing: ＫＰＳ新聞2023.3.pdf...
 Error uploading ＫＰＳ新聞2023.3.pdf: {"detail":"401 Unauthorized"}
  Failed to upload ＫＰＳ新聞2023.3.pdf.
 Processing: ＫＰＳ新聞2024.01.pdf...
 Error uploading ＫＰＳ新聞2024.01.pdf: {"detail":"401 Unauthorized"}
  Failed to upload ＫＰＳ新聞2024.01.pdf.
 Processing: ＫＰＳ新聞2024.02.pdf...
 Error uploading ＫＰＳ新聞2024.02.pdf: {"detail":"401 Unauthorized"}
  Failed to upload ＫＰＳ新聞2024.02.pdf.
 Processing: ＫＰＳ新聞2024.03.pdf...
 Error uploading ＫＰＳ新聞2024.03.pdf: {"detail":"401 Unauthorized"}
  Failed to upload ＫＰＳ新聞2024.03.pdf.
 Processing: ＫＰＳ新聞2024.04.pdf...
 Error uploading ＫＰＳ新聞2024.04.pdf: {"detail":"401 Unauthorized"}
  Failed to upload ＫＰＳ新聞2024.04.pdf.
 Processing: ＫＰＳ新聞2024.05.pdf...
 Error uploading ＫＰＳ新聞2024.05.pdf: {"detail":"401 Unauthorized"}
  Failed to upload ＫＰＳ新聞2024.05.pdf.
 Processing: ＫＰＳ新聞2024.06.pdf...
 Error uploading ＫＰＳ新聞2024.06.pdf: {"detail":"401 Unauthorized"}
  Failed to upload ＫＰＳ新聞2024.06.pdf.
 Processing: ＫＰＳ新聞2024.07.pdf...
 Error uploading ＫＰＳ新聞2024.07.pdf: {"detail":"401 Unauthorized"}
  Failed to upload ＫＰＳ新聞2024.07.pdf.
 Processing: ＫＰＳ新聞2024.08.pdf...
 Error uploading ＫＰＳ新聞2024.08.pdf: {"detail":"401 Unauthorized"}
  Failed to upload ＫＰＳ新聞2024.08.pdf.
 Processing: ＫＰＳ新聞2024.09.pdf...
 Error uploading ＫＰＳ新聞2024.09.pdf: {"detail":"401 Unauthorized"}
  Failed to upload ＫＰＳ新聞2024.09.pdf.
 Processing: ＫＰＳ新聞2024.10.pdf...
 Error uploading ＫＰＳ新聞2024.10.pdf: {"detail":"401 Unauthorized"}
  Failed to upload ＫＰＳ新聞2024.10.pdf.
 Processing: ＫＰＳ新聞2024.11.pdf...
 Error uploading ＫＰＳ新聞2024.11.pdf: {"detail":"401 Unauthorized"}
  Failed to upload ＫＰＳ新聞2024.11.pdf.
 Processing: ＫＰＳ新聞2024.12.pdf...
 Error uploading ＫＰＳ新聞2024.12.pdf: {"detail":"401 Unauthorized"}
  Failed to upload ＫＰＳ新聞2024.12.pdf.
 Processing: ＫＰＳ新聞2025.01.pdf...
 Error uploading ＫＰＳ新聞2025.01.pdf: {"detail":"401 Unauthorized"}
  Failed to upload ＫＰＳ新聞2025.01.pdf.
 Processing: ＫＰＳ新聞2025.02.pdf...
 Error uploading ＫＰＳ新聞2025.02.pdf: {"detail":"401 Unauthorized"}
  Failed to upload ＫＰＳ新聞2025.02.pdf.
 Processing: ＫＰＳ新聞2025.03.pdf...
 Error uploading ＫＰＳ新聞2025.03.pdf: {"detail":"401 Unauthorized"}
  Failed to upload ＫＰＳ新聞2025.03.pdf.
 Processing: ＫＰＳ新聞2025.04.pdf...
 Error uploading ＫＰＳ新聞2025.04.pdf: {"detail":"401 Unauthorized"}
  Failed to upload ＫＰＳ新聞2025.04.pdf.
 Processing: ＫＰＳ新聞2025.05.pdf...
 Error uploading ＫＰＳ新聞2025.05.pdf: {"detail":"401 Unauthorized"}
  Failed to upload ＫＰＳ新聞2025.05.pdf.
 Processing: ＫＰＳ新聞2025.06.pdf...
 Error uploading ＫＰＳ新聞2025.06.pdf: {"detail":"401 Unauthorized"}
  Failed to upload ＫＰＳ新聞2025.06.pdf.
 Processing: ＫＰＳ新聞2025.07.pdf...
 Error uploading ＫＰＳ新聞2025.07.pdf: {"detail":"401 Unauthorized"}
  Failed to upload ＫＰＳ新聞2025.07.pdf.
 Processing: ＫＰＳ新聞2025.08.pdf...
 Error uploading ＫＰＳ新聞2025.08.pdf: {"detail":"401 Unauthorized"}
  Failed to upload ＫＰＳ新聞2025.08.pdf.
 Processing: ＫＰＳ新聞2025.09.pdf...
 Error uploading ＫＰＳ新聞2025.09.pdf: {"detail":"401 Unauthorized"}
  Failed to upload ＫＰＳ新聞2025.09.pdf.
 Processing: ＫＰＳ新聞2025.10.pdf...
 Error uploading ＫＰＳ新聞2025.10.pdf: {"detail":"401 Unauthorized"}
  Failed to upload ＫＰＳ新聞2025.10.pdf.
 Processing: ＫＰＳ新聞2025.11.pdf...
 Error uploading ＫＰＳ新聞2025.11.pdf: {"detail":"401 Unauthorized"}
  Failed to upload ＫＰＳ新聞2025.11.pdf.
 Processing: ＫＰＳ新聞2025.12.pdf...
 Error uploading ＫＰＳ新聞2025.12.pdf: {"detail":"401 Unauthorized"}
  Failed to upload ＫＰＳ新聞2025.12.pdf.
 Processing: ＫＰＳ新聞2026.1.pdf...
 Error uploading ＫＰＳ新聞2026.1.pdf: {"detail":"401 Unauthorized"}
  Failed to upload ＫＰＳ新聞2026.1.pdf.
 Processing: ＫＰＳ新聞2026.2.pdf...
 Error uploading ＫＰＳ新聞2026.2.pdf: {"detail":"401 Unauthorized"}
  Failed to upload ＫＰＳ新聞2026.2.pdf.
 Processing: ＫＰＳ新聞2026.3.pdf...
 Error uploading ＫＰＳ新聞2026.3.pdf: {"detail":"401 Unauthorized"}
  Failed to upload ＫＰＳ新聞2026.3.pdf.
 Processing: ＫＰＳ新聞2026.4.pdf...
 Error uploading ＫＰＳ新聞2026.4.pdf: {"detail":"401 Unauthorized"}
  Failed to upload ＫＰＳ新聞2026.4.pdf.
 Processing: ＫＰＳ新聞2026.5.pdf...
 Error uploading ＫＰＳ新聞2026.5.pdf: {"detail":"401 Unauthorized"}
  Failed to upload ＫＰＳ新聞2026.5.pdf.
Open WebUI upload complete. 0 files processed.
Triggering all Knowledge Bases reindex...
 Failed to trigger reindex: {"detail":"401 Unauthorized"}
--- Task started at: 2026-05-26 12:05:03 ---
Checking Google Drive for new PDF files...
 Scanning folder: 2026年度...
 Scanning folder: 2025年度...
 Scanning folder: 2024年度...
 Scanning folder: 2023年度...
 Scanning folder: 2021年度...
 Scanning folder: 2022年度...
Google Drive sync complete. 0 files downloaded.
Syncing local files to Open WebUI Knowledge Base...
 Found 33 new files to upload.
 Processing: ＫＰＳ新聞2022.04.pdf...
  Successfully registered: ＫＰＳ新聞2022.04.pdf
 Processing: ＫＰＳ新聞2022.05.pdf...
  Successfully registered: ＫＰＳ新聞2022.05.pdf
 Processing: ＫＰＳ新聞2022.06.pdf...
  Successfully registered: ＫＰＳ新聞2022.06.pdf
 Processing: ＫＰＳ新聞2022.07.pdf...
  Successfully registered: ＫＰＳ新聞2022.07.pdf
 Processing: ＫＰＳ新聞2022.08.pdf...
  Successfully registered: ＫＰＳ新聞2022.08.pdf
 Processing: ＫＰＳ新聞2022.09.pdf...
  Successfully registered: ＫＰＳ新聞2022.09.pdf
 Processing: ＫＰＳ新聞2022.10.pdf...
  Successfully registered: ＫＰＳ新聞2022.10.pdf
 Processing: ＫＰＳ新聞2022.11.pdf...
  Successfully registered: ＫＰＳ新聞2022.11.pdf
 Processing: ＫＰＳ新聞2022.12.pdf...
  Successfully registered: ＫＰＳ新聞2022.12.pdf
 Processing: ＫＰＳ新聞2023.04.pdf...
  Successfully registered: ＫＰＳ新聞2023.04.pdf
 Processing: ＫＰＳ新聞2023.05.pdf...
  Successfully registered: ＫＰＳ新聞2023.05.pdf
 Processing: ＫＰＳ新聞2023.06.pdf...
  Successfully registered: ＫＰＳ新聞2023.06.pdf
 Processing: ＫＰＳ新聞2023.07.pdf...
  Successfully registered: ＫＰＳ新聞2023.07.pdf
 Processing: ＫＰＳ新聞2023.08.pdf...
  Successfully registered: ＫＰＳ新聞2023.08.pdf
 Processing: ＫＰＳ新聞2023.09.pdf...
  Successfully registered: ＫＰＳ新聞2023.09.pdf
 Processing: ＫＰＳ新聞2023.1.pdf...
  Successfully registered: ＫＰＳ新聞2023.1.pdf
 Processing: ＫＰＳ新聞2023.10.pdf...
  Successfully registered: ＫＰＳ新聞2023.10.pdf
 Processing: ＫＰＳ新聞2023.11.pdf...
  Successfully registered: ＫＰＳ新聞2023.11.pdf
 Processing: ＫＰＳ新聞2023.12.pdf...
  Successfully registered: ＫＰＳ新聞2023.12.pdf
 Processing: ＫＰＳ新聞2023.2.pdf...
  Successfully registered: ＫＰＳ新聞2023.2.pdf
 Processing: ＫＰＳ新聞2023.3.pdf...
  Successfully registered: ＫＰＳ新聞2023.3.pdf
 Processing: ＫＰＳ新聞2024.01.pdf...
  Successfully registered: ＫＰＳ新聞2024.01.pdf
 Processing: ＫＰＳ新聞2024.02.pdf...
  Successfully registered: ＫＰＳ新聞2024.02.pdf
 Processing: ＫＰＳ新聞2024.03.pdf...
  Successfully registered: ＫＰＳ新聞2024.03.pdf
 Processing: ＫＰＳ新聞2024.04.pdf...
  Successfully registered: ＫＰＳ新聞2024.04.pdf
 Processing: ＫＰＳ新聞2024.05.pdf...
  Successfully registered: ＫＰＳ新聞2024.05.pdf
 Processing: ＫＰＳ新聞2024.06.pdf...
  Successfully registered: ＫＰＳ新聞2024.06.pdf
 Processing: ＫＰＳ新聞2024.07.pdf...
  Successfully registered: ＫＰＳ新聞2024.07.pdf
 Processing: ＫＰＳ新聞2024.08.pdf...
  Successfully registered: ＫＰＳ新聞2024.08.pdf
 Processing: ＫＰＳ新聞2024.09.pdf...
  Successfully registered: ＫＰＳ新聞2024.09.pdf
 Processing: ＫＰＳ新聞2024.10.pdf...
  Successfully registered: ＫＰＳ新聞2024.10.pdf
 Processing: ＫＰＳ新聞2024.11.pdf...
  Successfully registered: ＫＰＳ新聞2024.11.pdf
 Processing: ＫＰＳ新聞2024.12.pdf...
  Successfully registered: ＫＰＳ新聞2024.12.pdf
Open WebUI upload complete. 33 files processed.
Triggering all Knowledge Bases reindex...
--- Task started at: 2026-05-27 12:05:03 ---
Checking Google Drive for new PDF files...
 Scanning folder: 2026年度...
 Scanning folder: 2025年度...
 Scanning folder: 2024年度...
 Scanning folder: 2023年度...
 Scanning folder: 2021年度...
 Scanning folder: 2022年度...
Google Drive sync complete. 0 files downloaded.
Syncing local files to Open WebUI Knowledge Base...
 Found 50 new files to upload.
 Processing: ＫＰＳ新聞2022.04.pdf...
 Error uploading ＫＰＳ新聞2022.04.pdf: {"detail":"401 Unauthorized"}
  Failed to upload ＫＰＳ新聞2022.04.pdf.
 Processing: ＫＰＳ新聞2022.05.pdf...
 Error uploading ＫＰＳ新聞2022.05.pdf: {"detail":"401 Unauthorized"}
  Failed to upload ＫＰＳ新聞2022.05.pdf.
 Processing: ＫＰＳ新聞2022.06.pdf...
 Error uploading ＫＰＳ新聞2022.06.pdf: {"detail":"401 Unauthorized"}
  Failed to upload ＫＰＳ新聞2022.06.pdf.
 Processing: ＫＰＳ新聞2022.07.pdf...
 Error uploading ＫＰＳ新聞2022.07.pdf: {"detail":"401 Unauthorized"}
  Failed to upload ＫＰＳ新聞2022.07.pdf.
 Processing: ＫＰＳ新聞2022.08.pdf...
 Error uploading ＫＰＳ新聞2022.08.pdf: {"detail":"401 Unauthorized"}
  Failed to upload ＫＰＳ新聞2022.08.pdf.
 Processing: ＫＰＳ新聞2022.09.pdf...
 Error uploading ＫＰＳ新聞2022.09.pdf: {"detail":"401 Unauthorized"}
  Failed to upload ＫＰＳ新聞2022.09.pdf.
 Processing: ＫＰＳ新聞2022.10.pdf...
 Error uploading ＫＰＳ新聞2022.10.pdf: {"detail":"401 Unauthorized"}
  Failed to upload ＫＰＳ新聞2022.10.pdf.
 Processing: ＫＰＳ新聞2022.11.pdf...
 Error uploading ＫＰＳ新聞2022.11.pdf: {"detail":"401 Unauthorized"}
  Failed to upload ＫＰＳ新聞2022.11.pdf.
 Processing: ＫＰＳ新聞2022.12.pdf...
 Error uploading ＫＰＳ新聞2022.12.pdf: {"detail":"401 Unauthorized"}
  Failed to upload ＫＰＳ新聞2022.12.pdf.
 Processing: ＫＰＳ新聞2023.04.pdf...
 Error uploading ＫＰＳ新聞2023.04.pdf: {"detail":"401 Unauthorized"}
  Failed to upload ＫＰＳ新聞2023.04.pdf.
 Processing: ＫＰＳ新聞2023.05.pdf...
 Error uploading ＫＰＳ新聞2023.05.pdf: {"detail":"401 Unauthorized"}
  Failed to upload ＫＰＳ新聞2023.05.pdf.
 Processing: ＫＰＳ新聞2023.06.pdf...
 Error uploading ＫＰＳ新聞2023.06.pdf: {"detail":"401 Unauthorized"}
  Failed to upload ＫＰＳ新聞2023.06.pdf.
 Processing: ＫＰＳ新聞2023.07.pdf...
 Error uploading ＫＰＳ新聞2023.07.pdf: {"detail":"401 Unauthorized"}
  Failed to upload ＫＰＳ新聞2023.07.pdf.
 Processing: ＫＰＳ新聞2023.08.pdf...
 Error uploading ＫＰＳ新聞2023.08.pdf: {"detail":"401 Unauthorized"}
  Failed to upload ＫＰＳ新聞2023.08.pdf.
 Processing: ＫＰＳ新聞2023.09.pdf...
 Error uploading ＫＰＳ新聞2023.09.pdf: {"detail":"401 Unauthorized"}
  Failed to upload ＫＰＳ新聞2023.09.pdf.
 Processing: ＫＰＳ新聞2023.1.pdf...
 Error uploading ＫＰＳ新聞2023.1.pdf: {"detail":"401 Unauthorized"}
  Failed to upload ＫＰＳ新聞2023.1.pdf.
 Processing: ＫＰＳ新聞2023.10.pdf...
 Error uploading ＫＰＳ新聞2023.10.pdf: {"detail":"401 Unauthorized"}
  Failed to upload ＫＰＳ新聞2023.10.pdf.
 Processing: ＫＰＳ新聞2023.11.pdf...
 Error uploading ＫＰＳ新聞2023.11.pdf: {"detail":"401 Unauthorized"}
  Failed to upload ＫＰＳ新聞2023.11.pdf.
 Processing: ＫＰＳ新聞2023.12.pdf...
 Error uploading ＫＰＳ新聞2023.12.pdf: {"detail":"401 Unauthorized"}
  Failed to upload ＫＰＳ新聞2023.12.pdf.
 Processing: ＫＰＳ新聞2023.2.pdf...
 Error uploading ＫＰＳ新聞2023.2.pdf: {"detail":"401 Unauthorized"}
  Failed to upload ＫＰＳ新聞2023.2.pdf.
 Processing: ＫＰＳ新聞2023.3.pdf...
 Error uploading ＫＰＳ新聞2023.3.pdf: {"detail":"401 Unauthorized"}
  Failed to upload ＫＰＳ新聞2023.3.pdf.
 Processing: ＫＰＳ新聞2024.01.pdf...
 Error uploading ＫＰＳ新聞2024.01.pdf: {"detail":"401 Unauthorized"}
  Failed to upload ＫＰＳ新聞2024.01.pdf.
 Processing: ＫＰＳ新聞2024.02.pdf...
 Error uploading ＫＰＳ新聞2024.02.pdf: {"detail":"401 Unauthorized"}
  Failed to upload ＫＰＳ新聞2024.02.pdf.
 Processing: ＫＰＳ新聞2024.03.pdf...
 Error uploading ＫＰＳ新聞2024.03.pdf: {"detail":"401 Unauthorized"}
  Failed to upload ＫＰＳ新聞2024.03.pdf.
 Processing: ＫＰＳ新聞2024.04.pdf...
 Error uploading ＫＰＳ新聞2024.04.pdf: {"detail":"401 Unauthorized"}
  Failed to upload ＫＰＳ新聞2024.04.pdf.
 Processing: ＫＰＳ新聞2024.05.pdf...
 Error uploading ＫＰＳ新聞2024.05.pdf: {"detail":"401 Unauthorized"}
  Failed to upload ＫＰＳ新聞2024.05.pdf.
 Processing: ＫＰＳ新聞2024.06.pdf...
 Error uploading ＫＰＳ新聞2024.06.pdf: {"detail":"401 Unauthorized"}
  Failed to upload ＫＰＳ新聞2024.06.pdf.
 Processing: ＫＰＳ新聞2024.07.pdf...
 Error uploading ＫＰＳ新聞2024.07.pdf: {"detail":"401 Unauthorized"}
  Failed to upload ＫＰＳ新聞2024.07.pdf.
 Processing: ＫＰＳ新聞2024.08.pdf...
 Error uploading ＫＰＳ新聞2024.08.pdf: {"detail":"401 Unauthorized"}
  Failed to upload ＫＰＳ新聞2024.08.pdf.
 Processing: ＫＰＳ新聞2024.09.pdf...
 Error uploading ＫＰＳ新聞2024.09.pdf: {"detail":"401 Unauthorized"}
  Failed to upload ＫＰＳ新聞2024.09.pdf.
 Processing: ＫＰＳ新聞2024.10.pdf...
 Error uploading ＫＰＳ新聞2024.10.pdf: {"detail":"401 Unauthorized"}
  Failed to upload ＫＰＳ新聞2024.10.pdf.
 Processing: ＫＰＳ新聞2024.11.pdf...
 Error uploading ＫＰＳ新聞2024.11.pdf: {"detail":"401 Unauthorized"}
  Failed to upload ＫＰＳ新聞2024.11.pdf.
 Processing: ＫＰＳ新聞2024.12.pdf...
 Error uploading ＫＰＳ新聞2024.12.pdf: {"detail":"401 Unauthorized"}
  Failed to upload ＫＰＳ新聞2024.12.pdf.
 Processing: ＫＰＳ新聞2025.01.pdf...
 Error uploading ＫＰＳ新聞2025.01.pdf: {"detail":"401 Unauthorized"}
  Failed to upload ＫＰＳ新聞2025.01.pdf.
 Processing: ＫＰＳ新聞2025.02.pdf...
 Error uploading ＫＰＳ新聞2025.02.pdf: {"detail":"401 Unauthorized"}
  Failed to upload ＫＰＳ新聞2025.02.pdf.
 Processing: ＫＰＳ新聞2025.03.pdf...
 Error uploading ＫＰＳ新聞2025.03.pdf: {"detail":"401 Unauthorized"}
  Failed to upload ＫＰＳ新聞2025.03.pdf.
 Processing: ＫＰＳ新聞2025.04.pdf...
 Error uploading ＫＰＳ新聞2025.04.pdf: {"detail":"401 Unauthorized"}
  Failed to upload ＫＰＳ新聞2025.04.pdf.
 Processing: ＫＰＳ新聞2025.05.pdf...
 Error uploading ＫＰＳ新聞2025.05.pdf: {"detail":"401 Unauthorized"}
  Failed to upload ＫＰＳ新聞2025.05.pdf.
 Processing: ＫＰＳ新聞2025.06.pdf...
 Error uploading ＫＰＳ新聞2025.06.pdf: {"detail":"401 Unauthorized"}
  Failed to upload ＫＰＳ新聞2025.06.pdf.
 Processing: ＫＰＳ新聞2025.07.pdf...
 Error uploading ＫＰＳ新聞2025.07.pdf: {"detail":"401 Unauthorized"}
  Failed to upload ＫＰＳ新聞2025.07.pdf.
 Processing: ＫＰＳ新聞2025.08.pdf...
 Error uploading ＫＰＳ新聞2025.08.pdf: {"detail":"401 Unauthorized"}
  Failed to upload ＫＰＳ新聞2025.08.pdf.
 Processing: ＫＰＳ新聞2025.09.pdf...
 Error uploading ＫＰＳ新聞2025.09.pdf: {"detail":"401 Unauthorized"}
  Failed to upload ＫＰＳ新聞2025.09.pdf.
 Processing: ＫＰＳ新聞2025.10.pdf...
 Error uploading ＫＰＳ新聞2025.10.pdf: {"detail":"401 Unauthorized"}
  Failed to upload ＫＰＳ新聞2025.10.pdf.
 Processing: ＫＰＳ新聞2025.11.pdf...
 Error uploading ＫＰＳ新聞2025.11.pdf: {"detail":"401 Unauthorized"}
  Failed to upload ＫＰＳ新聞2025.11.pdf.
 Processing: ＫＰＳ新聞2025.12.pdf...
 Error uploading ＫＰＳ新聞2025.12.pdf: {"detail":"401 Unauthorized"}
  Failed to upload ＫＰＳ新聞2025.12.pdf.
 Processing: ＫＰＳ新聞2026.1.pdf...
 Error uploading ＫＰＳ新聞2026.1.pdf: {"detail":"401 Unauthorized"}
  Failed to upload ＫＰＳ新聞2026.1.pdf.
 Processing: ＫＰＳ新聞2026.2.pdf...
 Error uploading ＫＰＳ新聞2026.2.pdf: {"detail":"401 Unauthorized"}
  Failed to upload ＫＰＳ新聞2026.2.pdf.
 Processing: ＫＰＳ新聞2026.3.pdf...
 Error uploading ＫＰＳ新聞2026.3.pdf: {"detail":"401 Unauthorized"}
  Failed to upload ＫＰＳ新聞2026.3.pdf.
 Processing: ＫＰＳ新聞2026.4.pdf...
 Error uploading ＫＰＳ新聞2026.4.pdf: {"detail":"401 Unauthorized"}
  Failed to upload ＫＰＳ新聞2026.4.pdf.
 Processing: ＫＰＳ新聞2026.5.pdf...
 Error uploading ＫＰＳ新聞2026.5.pdf: {"detail":"401 Unauthorized"}
  Failed to upload ＫＰＳ新聞2026.5.pdf.
Open WebUI upload complete. 0 files processed.
 No new files were successfully uploaded. Skipping reindex.
