New file found: 19特殊資格手当に関する規則（2025.3更新）.pdf
Successfully downloaded: 19特殊資格手当に関する規則（2025.3更新）.pdf
Sending notification for 1 files...
message_id	19dcd6046a1a107a
thread_id	19dcd6046a1a107a
Traceback (most recent call last):
  File "/home/taira/tools/sync_regulations.py", line 78, in <module>
    main()
  File "/home/taira/tools/sync_regulations.py", line 40, in main
    drive_files = get_drive_files()
                  ^^^^^^^^^^^^^^^^^
  File "/home/taira/tools/sync_regulations.py", line 16, in get_drive_files
    result = subprocess.run(cmd, capture_output=True, text=True)
             ^^^^^^^^^^^^^^^^^^^^^^^^^^^^^^^^^^^^^^^^^^^^^^^^^^^
  File "/usr/lib/python3.12/subprocess.py", line 548, in run
    with Popen(*popenargs, **kwargs) as process:
         ^^^^^^^^^^^^^^^^^^^^^^^^^^^
  File "/usr/lib/python3.12/subprocess.py", line 1026, in __init__
    self._execute_child(args, executable, preexec_fn, close_fds,
  File "/usr/lib/python3.12/subprocess.py", line 1955, in _execute_child
    raise child_exception_type(errno_num, err_msg, err_filename)
FileNotFoundError: [Errno 2] No such file or directory: 'gog'
